{"/Users/TGP/Dev/nanoclaw/setup/platform.ts": {"path":"/Users/TGP/Dev/nanoclaw/setup/platform.ts","statementMap":{"0":{"start":{"line":12,"column":19},"end":{"line":12,"column":null}},"1":{"start":{"line":13,"column":2},"end":{"line":13,"column":null}},"2":{"start":{"line":13,"column":29},"end":{"line":13,"column":null}},"3":{"start":{"line":14,"column":2},"end":{"line":14,"column":null}},"4":{"start":{"line":14,"column":28},"end":{"line":14,"column":null}},"5":{"start":{"line":15,"column":2},"end":{"line":15,"column":null}},"6":{"start":{"line":19,"column":2},"end":{"line":19,"column":null}},"7":{"start":{"line":19,"column":33},"end":{"line":19,"column":null}},"8":{"start":{"line":20,"column":2},"end":{"line":25,"column":null}},"9":{"start":{"line":21,"column":20},"end":{"line":21,"column":null}},"10":{"start":{"line":22,"column":4},"end":{"line":22,"column":null}},"11":{"start":{"line":24,"column":4},"end":{"line":24,"column":null}},"12":{"start":{"line":29,"column":2},"end":{"line":29,"column":null}},"13":{"start":{"line":34,"column":2},"end":{"line":36,"column":null}},"14":{"start":{"line":35,"column":4},"end":{"line":35,"column":null}},"15":{"start":{"line":38,"column":2},"end":{"line":38,"column":null}},"16":{"start":{"line":42,"column":2},"end":{"line":42,"column":null}},"17":{"start":{"line":42,"column":33},"end":{"line":42,"column":null}},"18":{"start":{"line":43,"column":2},"end":{"line":49,"column":null}},"19":{"start":{"line":45,"column":17},"end":{"line":45,"column":null}},"20":{"start":{"line":46,"column":4},"end":{"line":46,"column":null}},"21":{"start":{"line":48,"column":4},"end":{"line":48,"column":null}},"22":{"start":{"line":57,"column":2},"end":{"line":87,"column":null}},"23":{"start":{"line":58,"column":21},"end":{"line":58,"column":null}},"24":{"start":{"line":59,"column":4},"end":{"line":62,"column":null}},"25":{"start":{"line":60,"column":6},"end":{"line":60,"column":null}},"26":{"start":{"line":61,"column":6},"end":{"line":61,"column":null}},"27":{"start":{"line":63,"column":4},"end":{"line":84,"column":null}},"28":{"start":{"line":65,"column":6},"end":{"line":68,"column":null}},"29":{"start":{"line":66,"column":8},"end":{"line":66,"column":null}},"30":{"start":{"line":67,"column":8},"end":{"line":67,"column":null}},"31":{"start":{"line":69,"column":6},"end":{"line":72,"column":null}},"32":{"start":{"line":70,"column":8},"end":{"line":70,"column":null}},"33":{"start":{"line":71,"column":8},"end":{"line":71,"column":null}},"34":{"start":{"line":74,"column":6},"end":{"line":83,"column":null}},"35":{"start":{"line":75,"column":8},"end":{"line":82,"column":null}},"36":{"start":{"line":76,"column":10},"end":{"line":78,"column":null}},"37":{"start":{"line":79,"column":10},"end":{"line":79,"column":null}},"38":{"start":{"line":88,"column":2},"end":{"line":88,"column":null}},"39":{"start":{"line":92,"column":19},"end":{"line":92,"column":null}},"40":{"start":{"line":93,"column":2},"end":{"line":93,"column":null}},"41":{"start":{"line":93,"column":28},"end":{"line":93,"column":null}},"42":{"start":{"line":94,"column":2},"end":{"line":97,"column":null}},"43":{"start":{"line":95,"column":4},"end":{"line":95,"column":null}},"44":{"start":{"line":95,"column":22},"end":{"line":95,"column":null}},"45":{"start":{"line":96,"column":4},"end":{"line":96,"column":null}},"46":{"start":{"line":98,"column":2},"end":{"line":98,"column":null}},"47":{"start":{"line":102,"column":2},"end":{"line":106,"column":null}},"48":{"start":{"line":103,"column":4},"end":{"line":103,"column":null}},"49":{"start":{"line":105,"column":4},"end":{"line":105,"column":null}},"50":{"start":{"line":110,"column":2},"end":{"line":115,"column":null}},"51":{"start":{"line":111,"column":4},"end":{"line":111,"column":null}},"52":{"start":{"line":112,"column":4},"end":{"line":112,"column":null}},"53":{"start":{"line":114,"column":4},"end":{"line":114,"column":null}},"54":{"start":{"line":119,"column":2},"end":{"line":124,"column":null}},"55":{"start":{"line":120,"column":10},"end":{"line":120,"column":null}},"56":{"start":{"line":121,"column":4},"end":{"line":121,"column":null}},"57":{"start":{"line":123,"column":4},"end":{"line":123,"column":null}},"58":{"start":{"line":128,"column":18},"end":{"line":128,"column":null}},"59":{"start":{"line":129,"column":2},"end":{"line":129,"column":null}},"60":{"start":{"line":129,"column":16},"end":{"line":129,"column":null}},"61":{"start":{"line":130,"column":16},"end":{"line":130,"column":null}},"62":{"start":{"line":131,"column":2},"end":{"line":131,"column":null}}},"fnMap":{"0":{"name":"getPlatform","decl":{"start":{"line":11,"column":16},"end":{"line":11,"column":40}},"loc":{"start":{"line":11,"column":40},"end":{"line":16,"column":null}},"line":11},"1":{"name":"isWSL","decl":{"start":{"line":18,"column":16},"end":{"line":18,"column":33}},"loc":{"start":{"line":18,"column":33},"end":{"line":26,"column":null}},"line":18},"2":{"name":"isRoot","decl":{"start":{"line":28,"column":16},"end":{"line":28,"column":34}},"loc":{"start":{"line":28,"column":34},"end":{"line":30,"column":null}},"line":28},"3":{"name":"isHeadless","decl":{"start":{"line":32,"column":16},"end":{"line":32,"column":38}},"loc":{"start":{"line":32,"column":38},"end":{"line":39,"column":null}},"line":32},"4":{"name":"hasSystemd","decl":{"start":{"line":41,"column":16},"end":{"line":41,"column":38}},"loc":{"start":{"line":41,"column":38},"end":{"line":50,"column":null}},"line":41},"5":{"name":"openBrowser","decl":{"start":{"line":56,"column":16},"end":{"line":56,"column":28}},"loc":{"start":{"line":56,"column":50},"end":{"line":89,"column":null}},"line":56},"6":{"name":"getServiceManager","decl":{"start":{"line":91,"column":16},"end":{"line":91,"column":52}},"loc":{"start":{"line":91,"column":52},"end":{"line":99,"column":null}},"line":91},"7":{"name":"getNodePath","decl":{"start":{"line":101,"column":16},"end":{"line":101,"column":38}},"loc":{"start":{"line":101,"column":38},"end":{"line":107,"column":null}},"line":101},"8":{"name":"commandExists","decl":{"start":{"line":109,"column":16},"end":{"line":109,"column":30}},"loc":{"start":{"line":109,"column":53},"end":{"line":116,"column":null}},"line":109},"9":{"name":"getNodeVersion","decl":{"start":{"line":118,"column":16},"end":{"line":118,"column":48}},"loc":{"start":{"line":118,"column":48},"end":{"line":125,"column":null}},"line":118},"10":{"name":"getNodeMajorVersion","decl":{"start":{"line":127,"column":16},"end":{"line":127,"column":53}},"loc":{"start":{"line":127,"column":53},"end":{"line":132,"column":null}},"line":127}},"branchMap":{"0":{"loc":{"start":{"line":13,"column":2},"end":{"line":13,"column":null}},"type":"if","locations":[{"start":{"line":13,"column":2},"end":{"line":13,"column":null}},{"start":{},"end":{}}],"line":13},"1":{"loc":{"start":{"line":14,"column":2},"end":{"line":14,"column":null}},"type":"if","locations":[{"start":{"line":14,"column":2},"end":{"line":14,"column":null}},{"start":{},"end":{}}],"line":14},"2":{"loc":{"start":{"line":19,"column":2},"end":{"line":19,"column":null}},"type":"if","locations":[{"start":{"line":19,"column":2},"end":{"line":19,"column":null}},{"start":{},"end":{}}],"line":19},"3":{"loc":{"start":{"line":22,"column":11},"end":{"line":22,"column":null}},"type":"binary-expr","locations":[{"start":{"line":22,"column":11},"end":{"line":22,"column":44}},{"start":{"line":22,"column":44},"end":{"line":22,"column":null}}],"line":22},"4":{"loc":{"start":{"line":34,"column":2},"end":{"line":36,"column":null}},"type":"if","locations":[{"start":{"line":34,"column":2},"end":{"line":36,"column":null}},{"start":{},"end":{}}],"line":34},"5":{"loc":{"start":{"line":35,"column":11},"end":{"line":35,"column":null}},"type":"binary-expr","locations":[{"start":{"line":35,"column":11},"end":{"line":35,"column":35}},{"start":{"line":35,"column":35},"end":{"line":35,"column":null}}],"line":35},"6":{"loc":{"start":{"line":42,"column":2},"end":{"line":42,"column":null}},"type":"if","locations":[{"start":{"line":42,"column":2},"end":{"line":42,"column":null}},{"start":{},"end":{}}],"line":42},"7":{"loc":{"start":{"line":59,"column":4},"end":{"line":62,"column":null}},"type":"if","locations":[{"start":{"line":59,"column":4},"end":{"line":62,"column":null}},{"start":{},"end":{}}],"line":59},"8":{"loc":{"start":{"line":63,"column":4},"end":{"line":84,"column":null}},"type":"if","locations":[{"start":{"line":63,"column":4},"end":{"line":84,"column":null}},{"start":{},"end":{}}],"line":63},"9":{"loc":{"start":{"line":65,"column":6},"end":{"line":68,"column":null}},"type":"if","locations":[{"start":{"line":65,"column":6},"end":{"line":68,"column":null}},{"start":{},"end":{}}],"line":65},"10":{"loc":{"start":{"line":69,"column":6},"end":{"line":72,"column":null}},"type":"if","locations":[{"start":{"line":69,"column":6},"end":{"line":72,"column":null}},{"start":{},"end":{}}],"line":69},"11":{"loc":{"start":{"line":69,"column":10},"end":{"line":69,"column":47}},"type":"binary-expr","locations":[{"start":{"line":69,"column":10},"end":{"line":69,"column":21}},{"start":{"line":69,"column":21},"end":{"line":69,"column":47}}],"line":69},"12":{"loc":{"start":{"line":74,"column":6},"end":{"line":83,"column":null}},"type":"if","locations":[{"start":{"line":74,"column":6},"end":{"line":83,"column":null}},{"start":{},"end":{}}],"line":74},"13":{"loc":{"start":{"line":93,"column":2},"end":{"line":93,"column":null}},"type":"if","locations":[{"start":{"line":93,"column":2},"end":{"line":93,"column":null}},{"start":{},"end":{}}],"line":93},"14":{"loc":{"start":{"line":94,"column":2},"end":{"line":97,"column":null}},"type":"if","locations":[{"start":{"line":94,"column":2},"end":{"line":97,"column":null}},{"start":{},"end":{}}],"line":94},"15":{"loc":{"start":{"line":95,"column":4},"end":{"line":95,"column":null}},"type":"if","locations":[{"start":{"line":95,"column":4},"end":{"line":95,"column":null}},{"start":{},"end":{}}],"line":95},"16":{"loc":{"start":{"line":129,"column":2},"end":{"line":129,"column":null}},"type":"if","locations":[{"start":{"line":129,"column":2},"end":{"line":129,"column":null}},{"start":{},"end":{}}],"line":129},"17":{"loc":{"start":{"line":131,"column":9},"end":{"line":131,"column":null}},"type":"cond-expr","locations":[{"start":{"line":131,"column":24},"end":{"line":131,"column":31}},{"start":{"line":131,"column":31},"end":{"line":131,"column":null}}],"line":131}},"s":{"0":8,"1":8,"2":8,"3":0,"4":0,"5":0,"6":2,"7":2,"8":0,"9":0,"10":0,"11":0,"12":1,"13":1,"14":0,"15":1,"16":2,"17":2,"18":0,"19":0,"20":0,"21":0,"22":0,"23":0,"24":0,"25":0,"26":0,"27":0,"28":0,"29":0,"30":0,"31":0,"32":0,"33":0,"34":0,"35":0,"36":0,"37":0,"38":0,"39":2,"40":2,"41":2,"42":0,"43":0,"44":0,"45":0,"46":0,"47":0,"48":0,"49":0,"50":4,"51":4,"52":4,"53":2,"54":2,"55":2,"56":2,"57":0,"58":1,"59":1,"60":0,"61":1,"62":1},"f":{"0":8,"1":2,"2":1,"3":1,"4":2,"5":0,"6":2,"7":0,"8":4,"9":2,"10":1},"b":{"0":[8,0],"1":[0,0],"2":[2,0],"3":[0,0],"4":[0,1],"5":[0,0],"6":[2,0],"7":[0,0],"8":[0,0],"9":[0,0],"10":[0,0],"11":[0,0],"12":[0,0],"13":[2,0],"14":[0,0],"15":[0,0],"16":[0,1],"17":[0,1]},"meta":{"lastBranch":18,"lastFunction":11,"lastStatement":63,"seen":{"f:11:16:11:40":0,"s:12:19:12:Infinity":0,"b:13:2:13:Infinity:undefined:undefined:undefined:undefined":0,"s:13:2:13:Infinity":1,"s:13:29:13:Infinity":2,"b:14:2:14:Infinity:undefined:undefined:undefined:undefined":1,"s:14:2:14:Infinity":3,"s:14:28:14:Infinity":4,"s:15:2:15:Infinity":5,"f:18:16:18:33":1,"b:19:2:19:Infinity:undefined:undefined:undefined:undefined":2,"s:19:2:19:Infinity":6,"s:19:33:19:Infinity":7,"s:20:2:25:Infinity":8,"s:21:20:21:Infinity":9,"s:22:4:22:Infinity":10,"b:22:11:22:44:22:44:22:Infinity":3,"s:24:4:24:Infinity":11,"f:28:16:28:34":2,"s:29:2:29:Infinity":12,"f:32:16:32:38":3,"b:34:2:36:Infinity:undefined:undefined:undefined:undefined":4,"s:34:2:36:Infinity":13,"s:35:4:35:Infinity":14,"b:35:11:35:35:35:35:35:Infinity":5,"s:38:2:38:Infinity":15,"f:41:16:41:38":4,"b:42:2:42:Infinity:undefined:undefined:undefined:undefined":6,"s:42:2:42:Infinity":16,"s:42:33:42:Infinity":17,"s:43:2:49:Infinity":18,"s:45:17:45:Infinity":19,"s:46:4:46:Infinity":20,"s:48:4:48:Infinity":21,"f:56:16:56:28":5,"s:57:2:87:Infinity":22,"s:58:21:58:Infinity":23,"b:59:4:62:Infinity:undefined:undefined:undefined:undefined":7,"s:59:4:62:Infinity":24,"s:60:6:60:Infinity":25,"s:61:6:61:Infinity":26,"b:63:4:84:Infinity:undefined:undefined:undefined:undefined":8,"s:63:4:84:Infinity":27,"b:65:6:68:Infinity:undefined:undefined:undefined:undefined":9,"s:65:6:68:Infinity":28,"s:66:8:66:Infinity":29,"s:67:8:67:Infinity":30,"b:69:6:72:Infinity:undefined:undefined:undefined:undefined":10,"s:69:6:72:Infinity":31,"b:69:10:69:21:69:21:69:47":11,"s:70:8:70:Infinity":32,"s:71:8:71:Infinity":33,"b:74:6:83:Infinity:undefined:undefined:undefined:undefined":12,"s:74:6:83:Infinity":34,"s:75:8:82:Infinity":35,"s:76:10:78:Infinity":36,"s:79:10:79:Infinity":37,"s:88:2:88:Infinity":38,"f:91:16:91:52":6,"s:92:19:92:Infinity":39,"b:93:2:93:Infinity:undefined:undefined:undefined:undefined":13,"s:93:2:93:Infinity":40,"s:93:28:93:Infinity":41,"b:94:2:97:Infinity:undefined:undefined:undefined:undefined":14,"s:94:2:97:Infinity":42,"b:95:4:95:Infinity:undefined:undefined:undefined:undefined":15,"s:95:4:95:Infinity":43,"s:95:22:95:Infinity":44,"s:96:4:96:Infinity":45,"s:98:2:98:Infinity":46,"f:101:16:101:38":7,"s:102:2:106:Infinity":47,"s:103:4:103:Infinity":48,"s:105:4:105:Infinity":49,"f:109:16:109:30":8,"s:110:2:115:Infinity":50,"s:111:4:111:Infinity":51,"s:112:4:112:Infinity":52,"s:114:4:114:Infinity":53,"f:118:16:118:48":9,"s:119:2:124:Infinity":54,"s:120:10:120:Infinity":55,"s:121:4:121:Infinity":56,"s:123:4:123:Infinity":57,"f:127:16:127:53":10,"s:128:18:128:Infinity":58,"b:129:2:129:Infinity:undefined:undefined:undefined:undefined":16,"s:129:2:129:Infinity":59,"s:129:16:129:Infinity":60,"s:130:16:130:Infinity":61,"s:131:2:131:Infinity":62,"b:131:24:131:31:131:31:131:Infinity":17}}}
,"/Users/TGP/Dev/nanoclaw/src/config.ts": {"path":"/Users/TGP/Dev/nanoclaw/src/config.ts","statementMap":{"0":{"start":{"line":9,"column":6},"end":{"line":13,"column":null}},"1":{"start":{"line":16,"column":2},"end":{"line":16,"column":null}},"2":{"start":{"line":17,"column":13},"end":{"line":19,"column":null}},"3":{"start":{"line":20,"column":29},"end":{"line":20,"column":null}},"4":{"start":{"line":21,"column":39},"end":{"line":21,"column":null}},"5":{"start":{"line":24,"column":21},"end":{"line":24,"column":null}},"6":{"start":{"line":25,"column":17},"end":{"line":25,"column":null}},"7":{"start":{"line":28,"column":36},"end":{"line":33,"column":null}},"8":{"start":{"line":34,"column":37},"end":{"line":39,"column":null}},"9":{"start":{"line":40,"column":25},"end":{"line":40,"column":null}},"10":{"start":{"line":41,"column":26},"end":{"line":41,"column":null}},"11":{"start":{"line":42,"column":24},"end":{"line":42,"column":null}},"12":{"start":{"line":45,"column":2},"end":{"line":45,"column":null}},"13":{"start":{"line":46,"column":33},"end":{"line":49,"column":null}},"14":{"start":{"line":50,"column":41},"end":{"line":53,"column":null}},"15":{"start":{"line":54,"column":37},"end":{"line":57,"column":null}},"16":{"start":{"line":58,"column":33},"end":{"line":58,"column":null}},"17":{"start":{"line":59,"column":28},"end":{"line":59,"column":null}},"18":{"start":{"line":60,"column":41},"end":{"line":63,"column":null}},"19":{"start":{"line":66,"column":2},"end":{"line":66,"column":null}},"20":{"start":{"line":69,"column":31},"end":{"line":72,"column":null}},"21":{"start":{"line":76,"column":13},"end":{"line":83,"column":null}},"22":{"start":{"line":82,"column":14},"end":{"line":82,"column":22}},"23":{"start":{"line":86,"column":2},"end":{"line":86,"column":null}}},"fnMap":{"0":{"name":"escapeRegex","decl":{"start":{"line":65,"column":9},"end":{"line":65,"column":21}},"loc":{"start":{"line":65,"column":42},"end":{"line":67,"column":null}},"line":65},"1":{"name":"(anonymous_1)","decl":{"start":{"line":82,"column":7},"end":{"line":82,"column":8}},"loc":{"start":{"line":82,"column":14},"end":{"line":82,"column":22}},"line":82}},"branchMap":{"0":{"loc":{"start":{"line":16,"column":2},"end":{"line":16,"column":null}},"type":"binary-expr","locations":[{"start":{"line":16,"column":2},"end":{"line":16,"column":32}},{"start":{"line":16,"column":32},"end":{"line":16,"column":60}},{"start":{"line":16,"column":60},"end":{"line":16,"column":null}}],"line":16},"1":{"loc":{"start":{"line":18,"column":3},"end":{"line":19,"column":44}},"type":"binary-expr","locations":[{"start":{"line":18,"column":3},"end":{"line":18,"column":null}},{"start":{"line":19,"column":4},"end":{"line":19,"column":44}}],"line":18},"2":{"loc":{"start":{"line":25,"column":17},"end":{"line":25,"column":null}},"type":"binary-expr","locations":[{"start":{"line":25,"column":17},"end":{"line":25,"column":37}},{"start":{"line":25,"column":37},"end":{"line":25,"column":null}}],"line":25},"3":{"loc":{"start":{"line":45,"column":2},"end":{"line":45,"column":null}},"type":"binary-expr","locations":[{"start":{"line":45,"column":2},"end":{"line":45,"column":33}},{"start":{"line":45,"column":33},"end":{"line":45,"column":null}}],"line":45},"4":{"loc":{"start":{"line":47,"column":2},"end":{"line":47,"column":null}},"type":"binary-expr","locations":[{"start":{"line":47,"column":2},"end":{"line":47,"column":35}},{"start":{"line":47,"column":35},"end":{"line":47,"column":null}}],"line":47},"5":{"loc":{"start":{"line":51,"column":2},"end":{"line":51,"column":null}},"type":"binary-expr","locations":[{"start":{"line":51,"column":2},"end":{"line":51,"column":43}},{"start":{"line":51,"column":43},"end":{"line":51,"column":null}}],"line":51},"6":{"loc":{"start":{"line":55,"column":2},"end":{"line":55,"column":null}},"type":"binary-expr","locations":[{"start":{"line":55,"column":2},"end":{"line":55,"column":39}},{"start":{"line":55,"column":39},"end":{"line":55,"column":null}}],"line":55},"7":{"loc":{"start":{"line":59,"column":37},"end":{"line":59,"column":76}},"type":"binary-expr","locations":[{"start":{"line":59,"column":37},"end":{"line":59,"column":65}},{"start":{"line":59,"column":65},"end":{"line":59,"column":76}}],"line":59},"8":{"loc":{"start":{"line":62,"column":2},"end":{"line":62,"column":null}},"type":"binary-expr","locations":[{"start":{"line":62,"column":2},"end":{"line":62,"column":64}},{"start":{"line":62,"column":64},"end":{"line":62,"column":null}}],"line":62},"9":{"loc":{"start":{"line":62,"column":11},"end":{"line":62,"column":57}},"type":"binary-expr","locations":[{"start":{"line":62,"column":11},"end":{"line":62,"column":52}},{"start":{"line":62,"column":52},"end":{"line":62,"column":57}}],"line":62},"10":{"loc":{"start":{"line":77,"column":2},"end":{"line":79,"column":null}},"type":"binary-expr","locations":[{"start":{"line":77,"column":2},"end":{"line":77,"column":null}},{"start":{"line":78,"column":2},"end":{"line":78,"column":null}},{"start":{"line":79,"column":2},"end":{"line":79,"column":null}}],"line":77},"11":{"loc":{"start":{"line":86,"column":2},"end":{"line":86,"column":null}},"type":"binary-expr","locations":[{"start":{"line":86,"column":2},"end":{"line":86,"column":20}},{"start":{"line":86,"column":20},"end":{"line":86,"column":null}}],"line":86}},"s":{"0":7,"1":7,"2":7,"3":7,"4":7,"5":7,"6":7,"7":7,"8":7,"9":7,"10":7,"11":7,"12":7,"13":7,"14":7,"15":7,"16":7,"17":7,"18":7,"19":7,"20":7,"21":7,"22":7,"23":7},"f":{"0":7,"1":7},"b":{"0":[7,7,7],"1":[7,7],"2":[7,0],"3":[7,7],"4":[7,7],"5":[7,7],"6":[7,7],"7":[7,7],"8":[7,0],"9":[7,7],"10":[7,7,7],"11":[7,7]},"meta":{"lastBranch":12,"lastFunction":2,"lastStatement":24,"seen":{"s:9:6:13:Infinity":0,"s:16:2:16:Infinity":1,"b:16:2:16:32:16:32:16:60:16:60:16:Infinity":0,"s:17:13:19:Infinity":2,"b:18:3:18:Infinity:19:4:19:44":1,"s:20:29:20:Infinity":3,"s:21:39:21:Infinity":4,"s:24:21:24:Infinity":5,"s:25:17:25:Infinity":6,"b:25:17:25:37:25:37:25:Infinity":2,"s:28:36:33:Infinity":7,"s:34:37:39:Infinity":8,"s:40:25:40:Infinity":9,"s:41:26:41:Infinity":10,"s:42:24:42:Infinity":11,"s:45:2:45:Infinity":12,"b:45:2:45:33:45:33:45:Infinity":3,"s:46:33:49:Infinity":13,"b:47:2:47:35:47:35:47:Infinity":4,"s:50:41:53:Infinity":14,"b:51:2:51:43:51:43:51:Infinity":5,"s:54:37:57:Infinity":15,"b:55:2:55:39:55:39:55:Infinity":6,"s:58:33:58:Infinity":16,"s:59:28:59:Infinity":17,"b:59:37:59:65:59:65:59:76":7,"s:60:41:63:Infinity":18,"b:62:2:62:64:62:64:62:Infinity":8,"b:62:11:62:52:62:52:62:57":9,"f:65:9:65:21":0,"s:66:2:66:Infinity":19,"s:69:31:72:Infinity":20,"s:76:13:83:Infinity":21,"b:77:2:77:Infinity:78:2:78:Infinity:79:2:79:Infinity":10,"f:82:7:82:8":1,"s:82:14:82:22":22,"s:86:2:86:Infinity":23,"b:86:2:86:20:86:20:86:Infinity":11}}}
,"/Users/TGP/Dev/nanoclaw/src/container-manager.ts": {"path":"/Users/TGP/Dev/nanoclaw/src/container-manager.ts","statementMap":{"0":{"start":{"line":30,"column":24},"end":{"line":30,"column":null}},"1":{"start":{"line":31,"column":33},"end":{"line":31,"column":null}},"2":{"start":{"line":32,"column":24},"end":{"line":35,"column":null}},"3":{"start":{"line":81,"column":19},"end":{"line":81,"column":null}},"4":{"start":{"line":82,"column":46},"end":{"line":82,"column":null}},"5":{"start":{"line":83,"column":58},"end":{"line":83,"column":null}},"6":{"start":{"line":84,"column":21},"end":{"line":84,"column":null}},"7":{"start":{"line":86,"column":27},"end":{"line":86,"column":null}},"8":{"start":{"line":89,"column":4},"end":{"line":89,"column":null}},"9":{"start":{"line":90,"column":4},"end":{"line":93,"column":null}},"10":{"start":{"line":91,"column":18},"end":{"line":91,"column":null}},"11":{"start":{"line":92,"column":6},"end":{"line":92,"column":null}},"12":{"start":{"line":92,"column":22},"end":{"line":92,"column":null}},"13":{"start":{"line":97,"column":4},"end":{"line":97,"column":null}},"14":{"start":{"line":98,"column":4},"end":{"line":101,"column":null}},"15":{"start":{"line":99,"column":18},"end":{"line":99,"column":null}},"16":{"start":{"line":100,"column":6},"end":{"line":100,"column":null}},"17":{"start":{"line":100,"column":22},"end":{"line":100,"column":null}},"18":{"start":{"line":107,"column":21},"end":{"line":107,"column":null}},"19":{"start":{"line":108,"column":4},"end":{"line":108,"column":null}},"20":{"start":{"line":108,"column":18},"end":{"line":108,"column":null}},"21":{"start":{"line":109,"column":20},"end":{"line":111,"column":null}},"22":{"start":{"line":110,"column":6},"end":{"line":110,"column":null}},"23":{"start":{"line":112,"column":4},"end":{"line":112,"column":null}},"24":{"start":{"line":113,"column":4},"end":{"line":113,"column":null}},"25":{"start":{"line":120,"column":21},"end":{"line":120,"column":null}},"26":{"start":{"line":121,"column":4},"end":{"line":126,"column":null}},"27":{"start":{"line":122,"column":6},"end":{"line":122,"column":null}},"28":{"start":{"line":122,"column":59},"end":{"line":122,"column":null}},"29":{"start":{"line":123,"column":6},"end":{"line":123,"column":null}},"30":{"start":{"line":124,"column":6},"end":{"line":124,"column":null}},"31":{"start":{"line":125,"column":6},"end":{"line":125,"column":null}},"32":{"start":{"line":128,"column":21},"end":{"line":128,"column":null}},"33":{"start":{"line":129,"column":26},"end":{"line":129,"column":null}},"34":{"start":{"line":132,"column":4},"end":{"line":138,"column":null}},"35":{"start":{"line":133,"column":6},"end":{"line":135,"column":null}},"36":{"start":{"line":141,"column":34},"end":{"line":141,"column":null}},"37":{"start":{"line":142,"column":19},"end":{"line":142,"column":null}},"38":{"start":{"line":147,"column":8},"end":{"line":147,"column":null}},"39":{"start":{"line":148,"column":17},"end":{"line":148,"column":null}},"40":{"start":{"line":149,"column":25},"end":{"line":149,"column":null}},"41":{"start":{"line":150,"column":4},"end":{"line":161,"column":null}},"42":{"start":{"line":151,"column":6},"end":{"line":151,"column":null}},"43":{"start":{"line":152,"column":6},"end":{"line":158,"column":null}},"44":{"start":{"line":153,"column":8},"end":{"line":156,"column":null}},"45":{"start":{"line":157,"column":8},"end":{"line":157,"column":null}},"46":{"start":{"line":160,"column":6},"end":{"line":160,"column":null}},"47":{"start":{"line":163,"column":17},"end":{"line":170,"column":null}},"48":{"start":{"line":172,"column":4},"end":{"line":175,"column":null}},"49":{"start":{"line":176,"column":4},"end":{"line":176,"column":null}},"50":{"start":{"line":180,"column":4},"end":{"line":182,"column":null}},"51":{"start":{"line":181,"column":6},"end":{"line":181,"column":null}},"52":{"start":{"line":185,"column":10},"end":{"line":185,"column":null}},"53":{"start":{"line":186,"column":34},"end":{"line":202,"column":null}},"54":{"start":{"line":203,"column":4},"end":{"line":203,"column":null}},"55":{"start":{"line":205,"column":4},"end":{"line":205,"column":null}},"56":{"start":{"line":206,"column":4},"end":{"line":209,"column":null}},"57":{"start":{"line":207,"column":12},"end":{"line":207,"column":null}},"58":{"start":{"line":218,"column":18},"end":{"line":218,"column":null}},"59":{"start":{"line":219,"column":4},"end":{"line":222,"column":null}},"60":{"start":{"line":220,"column":6},"end":{"line":220,"column":null}},"61":{"start":{"line":221,"column":6},"end":{"line":221,"column":null}},"62":{"start":{"line":224,"column":4},"end":{"line":224,"column":null}},"63":{"start":{"line":225,"column":4},"end":{"line":225,"column":null}},"64":{"start":{"line":228,"column":4},"end":{"line":228,"column":null}},"65":{"start":{"line":228,"column":26},"end":{"line":228,"column":null}},"66":{"start":{"line":229,"column":4},"end":{"line":232,"column":null}},"67":{"start":{"line":230,"column":12},"end":{"line":230,"column":null}},"68":{"start":{"line":237,"column":4},"end":{"line":263,"column":null}},"69":{"start":{"line":238,"column":20},"end":{"line":238,"column":null}},"70":{"start":{"line":239,"column":20},"end":{"line":247,"column":null}},"71":{"start":{"line":240,"column":8},"end":{"line":240,"column":null}},"72":{"start":{"line":240,"column":21},"end":{"line":240,"column":null}},"73":{"start":{"line":241,"column":8},"end":{"line":241,"column":null}},"74":{"start":{"line":242,"column":8},"end":{"line":246,"column":null}},"75":{"start":{"line":248,"column":38},"end":{"line":261,"column":null}},"76":{"start":{"line":250,"column":10},"end":{"line":250,"column":null}},"77":{"start":{"line":250,"column":23},"end":{"line":250,"column":null}},"78":{"start":{"line":251,"column":10},"end":{"line":251,"column":null}},"79":{"start":{"line":252,"column":10},"end":{"line":252,"column":null}},"80":{"start":{"line":253,"column":10},"end":{"line":253,"column":null}},"81":{"start":{"line":256,"column":10},"end":{"line":256,"column":null}},"82":{"start":{"line":256,"column":23},"end":{"line":256,"column":null}},"83":{"start":{"line":257,"column":10},"end":{"line":257,"column":null}},"84":{"start":{"line":258,"column":10},"end":{"line":258,"column":null}},"85":{"start":{"line":259,"column":10},"end":{"line":259,"column":null}},"86":{"start":{"line":262,"column":6},"end":{"line":262,"column":null}},"87":{"start":{"line":267,"column":4},"end":{"line":267,"column":null}},"88":{"start":{"line":268,"column":4},"end":{"line":270,"column":null}},"89":{"start":{"line":269,"column":6},"end":{"line":269,"column":null}},"90":{"start":{"line":271,"column":4},"end":{"line":271,"column":null}},"91":{"start":{"line":277,"column":4},"end":{"line":277,"column":null}},"92":{"start":{"line":278,"column":4},"end":{"line":278,"column":null}},"93":{"start":{"line":278,"column":40},"end":{"line":278,"column":null}},"94":{"start":{"line":279,"column":4},"end":{"line":283,"column":null}},"95":{"start":{"line":281,"column":6},"end":{"line":281,"column":null}},"96":{"start":{"line":282,"column":6},"end":{"line":282,"column":null}},"97":{"start":{"line":284,"column":4},"end":{"line":284,"column":null}},"98":{"start":{"line":288,"column":4},"end":{"line":288,"column":null}},"99":{"start":{"line":288,"column":40},"end":{"line":288,"column":null}},"100":{"start":{"line":289,"column":19},"end":{"line":289,"column":null}},"101":{"start":{"line":290,"column":4},"end":{"line":290,"column":null}},"102":{"start":{"line":291,"column":4},"end":{"line":291,"column":null}},"103":{"start":{"line":295,"column":27},"end":{"line":295,"column":null}},"104":{"start":{"line":296,"column":4},"end":{"line":296,"column":null}},"105":{"start":{"line":297,"column":4},"end":{"line":297,"column":null}},"106":{"start":{"line":302,"column":4},"end":{"line":302,"column":null}},"107":{"start":{"line":304,"column":4},"end":{"line":307,"column":null}},"108":{"start":{"line":309,"column":24},"end":{"line":316,"column":null}},"109":{"start":{"line":311,"column":18},"end":{"line":311,"column":null}},"110":{"start":{"line":312,"column":6},"end":{"line":312,"column":null}},"111":{"start":{"line":312,"column":22},"end":{"line":312,"column":null}},"112":{"start":{"line":314,"column":6},"end":{"line":314,"column":null}},"113":{"start":{"line":315,"column":6},"end":{"line":315,"column":null}},"114":{"start":{"line":315,"column":38},"end":{"line":315,"column":null}},"115":{"start":{"line":318,"column":4},"end":{"line":385,"column":null}},"116":{"start":{"line":319,"column":12},"end":{"line":323,"column":null}},"117":{"start":{"line":324,"column":6},"end":{"line":324,"column":null}},"118":{"start":{"line":325,"column":6},"end":{"line":371,"column":null}},"119":{"start":{"line":326,"column":8},"end":{"line":333,"column":null}},"120":{"start":{"line":327,"column":10},"end":{"line":330,"column":null}},"121":{"start":{"line":331,"column":10},"end":{"line":331,"column":null}},"122":{"start":{"line":332,"column":10},"end":{"line":332,"column":null}},"123":{"start":{"line":334,"column":8},"end":{"line":370,"column":null}},"124":{"start":{"line":335,"column":10},"end":{"line":347,"column":null}},"125":{"start":{"line":348,"column":10},"end":{"line":360,"column":null}},"126":{"start":{"line":363,"column":10},"end":{"line":366,"column":null}},"127":{"start":{"line":367,"column":10},"end":{"line":369,"column":null}},"128":{"start":{"line":372,"column":6},"end":{"line":378,"column":null}},"129":{"start":{"line":373,"column":8},"end":{"line":376,"column":null}},"130":{"start":{"line":377,"column":8},"end":{"line":377,"column":null}},"131":{"start":{"line":380,"column":6},"end":{"line":383,"column":null}},"132":{"start":{"line":384,"column":6},"end":{"line":384,"column":null}},"133":{"start":{"line":398,"column":24},"end":{"line":400,"column":null}},"134":{"start":{"line":399,"column":13},"end":{"line":399,"column":null}},"135":{"start":{"line":401,"column":4},"end":{"line":401,"column":null}},"136":{"start":{"line":401,"column":22},"end":{"line":401,"column":null}},"137":{"start":{"line":404,"column":27},"end":{"line":409,"column":null}},"138":{"start":{"line":410,"column":4},"end":{"line":414,"column":null}},"139":{"start":{"line":411,"column":6},"end":{"line":411,"column":null}},"140":{"start":{"line":413,"column":6},"end":{"line":413,"column":null}},"141":{"start":{"line":418,"column":4},"end":{"line":427,"column":null}},"142":{"start":{"line":419,"column":12},"end":{"line":423,"column":null}},"143":{"start":{"line":424,"column":6},"end":{"line":424,"column":null}},"144":{"start":{"line":426,"column":6},"end":{"line":426,"column":null}},"145":{"start":{"line":442,"column":27},"end":{"line":442,"column":null}},"146":{"start":{"line":445,"column":4},"end":{"line":445,"column":null}},"147":{"start":{"line":448,"column":4},"end":{"line":448,"column":null}},"148":{"start":{"line":452,"column":22},"end":{"line":452,"column":null}},"149":{"start":{"line":453,"column":4},"end":{"line":466,"column":null}},"150":{"start":{"line":454,"column":6},"end":{"line":454,"column":null}},"151":{"start":{"line":456,"column":6},"end":{"line":459,"column":null}},"152":{"start":{"line":460,"column":6},"end":{"line":463,"column":null}},"153":{"start":{"line":464,"column":6},"end":{"line":464,"column":null}},"154":{"start":{"line":465,"column":6},"end":{"line":465,"column":null}},"155":{"start":{"line":469,"column":4},"end":{"line":469,"column":null}},"156":{"start":{"line":470,"column":4},"end":{"line":470,"column":null}},"157":{"start":{"line":471,"column":4},"end":{"line":471,"column":null}},"158":{"start":{"line":472,"column":4},"end":{"line":475,"column":null}},"159":{"start":{"line":476,"column":4},"end":{"line":476,"column":null}},"160":{"start":{"line":477,"column":4},"end":{"line":477,"column":null}},"161":{"start":{"line":478,"column":4},"end":{"line":478,"column":null}},"162":{"start":{"line":481,"column":4},"end":{"line":481,"column":null}},"163":{"start":{"line":482,"column":4},"end":{"line":482,"column":null}},"164":{"start":{"line":483,"column":4},"end":{"line":483,"column":null}},"165":{"start":{"line":486,"column":4},"end":{"line":486,"column":null}},"166":{"start":{"line":489,"column":20},"end":{"line":489,"column":null}},"167":{"start":{"line":490,"column":20},"end":{"line":490,"column":null}},"168":{"start":{"line":491,"column":4},"end":{"line":494,"column":null}},"169":{"start":{"line":492,"column":6},"end":{"line":492,"column":null}},"170":{"start":{"line":493,"column":6},"end":{"line":493,"column":null}},"171":{"start":{"line":497,"column":4},"end":{"line":502,"column":null}},"172":{"start":{"line":498,"column":18},"end":{"line":500,"column":null}},"173":{"start":{"line":501,"column":6},"end":{"line":501,"column":null}},"174":{"start":{"line":504,"column":4},"end":{"line":504,"column":null}},"175":{"start":{"line":505,"column":4},"end":{"line":505,"column":null}},"176":{"start":{"line":510,"column":4},"end":{"line":525,"column":null}},"177":{"start":{"line":532,"column":48},"end":{"line":543,"column":null}},"178":{"start":{"line":544,"column":4},"end":{"line":544,"column":null}},"179":{"start":{"line":553,"column":22},"end":{"line":553,"column":null}},"180":{"start":{"line":554,"column":28},"end":{"line":554,"column":null}},"181":{"start":{"line":555,"column":4},"end":{"line":555,"column":null}},"182":{"start":{"line":556,"column":4},"end":{"line":556,"column":null}},"183":{"start":{"line":561,"column":4},"end":{"line":567,"column":null}},"184":{"start":{"line":562,"column":6},"end":{"line":566,"column":null}},"185":{"start":{"line":563,"column":8},"end":{"line":563,"column":null}},"186":{"start":{"line":568,"column":4},"end":{"line":574,"column":null}},"187":{"start":{"line":569,"column":6},"end":{"line":573,"column":null}},"188":{"start":{"line":570,"column":8},"end":{"line":570,"column":null}},"189":{"start":{"line":576,"column":4},"end":{"line":584,"column":null}},"190":{"start":{"line":580,"column":8},"end":{"line":582,"column":null}},"191":{"start":{"line":581,"column":10},"end":{"line":581,"column":null}},"192":{"start":{"line":585,"column":4},"end":{"line":593,"column":null}},"193":{"start":{"line":589,"column":8},"end":{"line":591,"column":null}},"194":{"start":{"line":590,"column":10},"end":{"line":590,"column":null}},"195":{"start":{"line":597,"column":20},"end":{"line":597,"column":null}},"196":{"start":{"line":598,"column":4},"end":{"line":659,"column":null}},"197":{"start":{"line":601,"column":6},"end":{"line":601,"column":null}},"198":{"start":{"line":601,"column":35},"end":{"line":601,"column":null}},"199":{"start":{"line":602,"column":23},"end":{"line":602,"column":null}},"200":{"start":{"line":604,"column":6},"end":{"line":610,"column":null}},"201":{"start":{"line":605,"column":8},"end":{"line":605,"column":null}},"202":{"start":{"line":609,"column":8},"end":{"line":609,"column":null}},"203":{"start":{"line":618,"column":6},"end":{"line":629,"column":null}},"204":{"start":{"line":619,"column":8},"end":{"line":619,"column":null}},"205":{"start":{"line":621,"column":8},"end":{"line":621,"column":null}},"206":{"start":{"line":623,"column":8},"end":{"line":627,"column":null}},"207":{"start":{"line":624,"column":10},"end":{"line":624,"column":null}},"208":{"start":{"line":628,"column":8},"end":{"line":628,"column":null}},"209":{"start":{"line":630,"column":38},"end":{"line":636,"column":null}},"210":{"start":{"line":639,"column":24},"end":{"line":639,"column":null}},"211":{"start":{"line":640,"column":6},"end":{"line":651,"column":null}},"212":{"start":{"line":641,"column":8},"end":{"line":650,"column":null}},"213":{"start":{"line":642,"column":10},"end":{"line":649,"column":null}},"214":{"start":{"line":643,"column":12},"end":{"line":643,"column":null}},"215":{"start":{"line":645,"column":12},"end":{"line":648,"column":null}},"216":{"start":{"line":654,"column":6},"end":{"line":658,"column":null}},"217":{"start":{"line":655,"column":8},"end":{"line":655,"column":null}},"218":{"start":{"line":663,"column":20},"end":{"line":663,"column":null}},"219":{"start":{"line":664,"column":4},"end":{"line":703,"column":null}},"220":{"start":{"line":665,"column":6},"end":{"line":665,"column":null}},"221":{"start":{"line":665,"column":35},"end":{"line":665,"column":null}},"222":{"start":{"line":666,"column":23},"end":{"line":666,"column":null}},"223":{"start":{"line":669,"column":6},"end":{"line":674,"column":null}},"224":{"start":{"line":670,"column":8},"end":{"line":670,"column":null}},"225":{"start":{"line":673,"column":8},"end":{"line":673,"column":null}},"226":{"start":{"line":676,"column":6},"end":{"line":676,"column":null}},"227":{"start":{"line":677,"column":6},"end":{"line":677,"column":null}},"228":{"start":{"line":682,"column":20},"end":{"line":682,"column":null}},"229":{"start":{"line":683,"column":6},"end":{"line":687,"column":null}},"230":{"start":{"line":684,"column":8},"end":{"line":686,"column":null}},"231":{"start":{"line":685,"column":10},"end":{"line":685,"column":null}},"232":{"start":{"line":685,"column":33},"end":{"line":685,"column":null}},"233":{"start":{"line":690,"column":6},"end":{"line":697,"column":null}},"234":{"start":{"line":691,"column":8},"end":{"line":696,"column":null}},"235":{"start":{"line":692,"column":10},"end":{"line":695,"column":null}},"236":{"start":{"line":700,"column":6},"end":{"line":702,"column":null}},"237":{"start":{"line":701,"column":8},"end":{"line":701,"column":null}},"238":{"start":{"line":709,"column":4},"end":{"line":709,"column":null}},"239":{"start":{"line":709,"column":23},"end":{"line":709,"column":null}},"240":{"start":{"line":710,"column":4},"end":{"line":723,"column":null}},"241":{"start":{"line":711,"column":6},"end":{"line":714,"column":null}},"242":{"start":{"line":715,"column":33},"end":{"line":715,"column":null}},"243":{"start":{"line":716,"column":6},"end":{"line":716,"column":null}},"244":{"start":{"line":717,"column":6},"end":{"line":717,"column":null}},"245":{"start":{"line":718,"column":6},"end":{"line":722,"column":null}},"246":{"start":{"line":719,"column":8},"end":{"line":719,"column":null}},"247":{"start":{"line":721,"column":8},"end":{"line":721,"column":null}},"248":{"start":{"line":727,"column":4},"end":{"line":727,"column":null}},"249":{"start":{"line":727,"column":26},"end":{"line":727,"column":null}},"250":{"start":{"line":728,"column":4},"end":{"line":728,"column":null}},"251":{"start":{"line":728,"column":27},"end":{"line":728,"column":null}},"252":{"start":{"line":729,"column":4},"end":{"line":729,"column":null}},"253":{"start":{"line":730,"column":4},"end":{"line":730,"column":null}},"254":{"start":{"line":733,"column":16},"end":{"line":733,"column":null}},"255":{"start":{"line":734,"column":4},"end":{"line":734,"column":null}},"256":{"start":{"line":734,"column":48},"end":{"line":734,"column":null}},"257":{"start":{"line":735,"column":4},"end":{"line":735,"column":null}},"258":{"start":{"line":736,"column":4},"end":{"line":738,"column":null}},"259":{"start":{"line":737,"column":6},"end":{"line":737,"column":null}},"260":{"start":{"line":737,"column":29},"end":{"line":737,"column":null}},"261":{"start":{"line":739,"column":4},"end":{"line":739,"column":null}},"262":{"start":{"line":744,"column":2},"end":{"line":748,"column":null}},"263":{"start":{"line":745,"column":4},"end":{"line":745,"column":null}},"264":{"start":{"line":747,"column":4},"end":{"line":747,"column":null}}},"fnMap":{"0":{"name":"(anonymous_0)","decl":{"start":{"line":88,"column":2},"end":{"line":88,"column":11}},"loc":{"start":{"line":88,"column":49},"end":{"line":94,"column":null}},"line":88},"1":{"name":"(anonymous_1)","decl":{"start":{"line":90,"column":11},"end":{"line":90,"column":17}},"loc":{"start":{"line":90,"column":17},"end":{"line":93,"column":null}},"line":90},"2":{"name":"(anonymous_2)","decl":{"start":{"line":96,"column":2},"end":{"line":96,"column":17}},"loc":{"start":{"line":96,"column":61},"end":{"line":102,"column":null}},"line":96},"3":{"name":"(anonymous_3)","decl":{"start":{"line":98,"column":11},"end":{"line":98,"column":17}},"loc":{"start":{"line":98,"column":17},"end":{"line":101,"column":null}},"line":98},"4":{"name":"(anonymous_4)","decl":{"start":{"line":106,"column":2},"end":{"line":106,"column":16}},"loc":{"start":{"line":106,"column":72},"end":{"line":114,"column":null}},"line":106},"5":{"name":"(anonymous_5)","decl":{"start":{"line":109,"column":65},"end":{"line":109,"column":71}},"loc":{"start":{"line":109,"column":71},"end":{"line":111,"column":5}},"line":109},"6":{"name":"(anonymous_6)","decl":{"start":{"line":116,"column":16},"end":{"line":116,"column":null}},"loc":{"start":{"line":119,"column":19},"end":{"line":210,"column":null}},"line":119},"7":{"name":"(anonymous_7)","decl":{"start":{"line":207,"column":6},"end":{"line":207,"column":12}},"loc":{"start":{"line":207,"column":12},"end":{"line":207,"column":null}},"line":207},"8":{"name":"(anonymous_8)","decl":{"start":{"line":217,"column":2},"end":{"line":217,"column":14}},"loc":{"start":{"line":217,"column":64},"end":{"line":264,"column":null}},"line":217},"9":{"name":"(anonymous_9)","decl":{"start":{"line":230,"column":6},"end":{"line":230,"column":12}},"loc":{"start":{"line":230,"column":12},"end":{"line":230,"column":null}},"line":230},"10":{"name":"(anonymous_10)","decl":{"start":{"line":237,"column":29},"end":{"line":237,"column":30}},"loc":{"start":{"line":237,"column":50},"end":{"line":263,"column":5}},"line":237},"11":{"name":"(anonymous_11)","decl":{"start":{"line":239,"column":31},"end":{"line":239,"column":37}},"loc":{"start":{"line":239,"column":37},"end":{"line":247,"column":9}},"line":239},"12":{"name":"(anonymous_12)","decl":{"start":{"line":249,"column":17},"end":{"line":249,"column":23}},"loc":{"start":{"line":249,"column":23},"end":{"line":254,"column":null}},"line":249},"13":{"name":"(anonymous_13)","decl":{"start":{"line":255,"column":16},"end":{"line":255,"column":17}},"loc":{"start":{"line":255,"column":32},"end":{"line":260,"column":null}},"line":255},"14":{"name":"(anonymous_14)","decl":{"start":{"line":266,"column":8},"end":{"line":266,"column":33}},"loc":{"start":{"line":266,"column":33},"end":{"line":272,"column":null}},"line":266},"15":{"name":"(anonymous_15)","decl":{"start":{"line":276,"column":10},"end":{"line":276,"column":26}},"loc":{"start":{"line":276,"column":55},"end":{"line":285,"column":null}},"line":276},"16":{"name":"(anonymous_16)","decl":{"start":{"line":287,"column":10},"end":{"line":287,"column":19}},"loc":{"start":{"line":287,"column":48},"end":{"line":386,"column":null}},"line":287},"17":{"name":"(anonymous_17)","decl":{"start":{"line":309,"column":24},"end":{"line":309,"column":25}},"loc":{"start":{"line":309,"column":40},"end":{"line":316,"column":null}},"line":309},"18":{"name":"(anonymous_18)","decl":{"start":{"line":325,"column":27},"end":{"line":325,"column":28}},"loc":{"start":{"line":325,"column":37},"end":{"line":371,"column":7}},"line":325},"19":{"name":"(anonymous_19)","decl":{"start":{"line":372,"column":27},"end":{"line":372,"column":28}},"loc":{"start":{"line":372,"column":36},"end":{"line":378,"column":7}},"line":372},"20":{"name":"(anonymous_20)","decl":{"start":{"line":390,"column":10},"end":{"line":390,"column":null}},"loc":{"start":{"line":397,"column":13},"end":{"line":415,"column":null}},"line":397},"21":{"name":"(anonymous_21)","decl":{"start":{"line":399,"column":6},"end":{"line":399,"column":7}},"loc":{"start":{"line":399,"column":13},"end":{"line":399,"column":null}},"line":399},"22":{"name":"(anonymous_22)","decl":{"start":{"line":417,"column":10},"end":{"line":417,"column":29}},"loc":{"start":{"line":417,"column":52},"end":{"line":428,"column":null}},"line":417},"23":{"name":"(anonymous_23)","decl":{"start":{"line":430,"column":10},"end":{"line":430,"column":null}},"loc":{"start":{"line":441,"column":14},"end":{"line":506,"column":null}},"line":441},"24":{"name":"(anonymous_24)","decl":{"start":{"line":508,"column":10},"end":{"line":508,"column":40}},"loc":{"start":{"line":508,"column":40},"end":{"line":526,"column":null}},"line":508},"25":{"name":"(anonymous_25)","decl":{"start":{"line":528,"column":10},"end":{"line":528,"column":29}},"loc":{"start":{"line":528,"column":62},"end":{"line":545,"column":null}},"line":528},"26":{"name":"(anonymous_26)","decl":{"start":{"line":549,"column":10},"end":{"line":549,"column":null}},"loc":{"start":{"line":552,"column":10},"end":{"line":594,"column":null}},"line":552},"27":{"name":"(anonymous_27)","decl":{"start":{"line":579,"column":6},"end":{"line":579,"column":7}},"loc":{"start":{"line":579,"column":24},"end":{"line":583,"column":null}},"line":579},"28":{"name":"(anonymous_28)","decl":{"start":{"line":588,"column":6},"end":{"line":588,"column":7}},"loc":{"start":{"line":588,"column":24},"end":{"line":592,"column":null}},"line":588},"29":{"name":"(anonymous_29)","decl":{"start":{"line":596,"column":10},"end":{"line":596,"column":27}},"loc":{"start":{"line":596,"column":69},"end":{"line":660,"column":null}},"line":596},"30":{"name":"(anonymous_30)","decl":{"start":{"line":640,"column":65},"end":{"line":640,"column":77}},"loc":{"start":{"line":640,"column":77},"end":{"line":651,"column":7}},"line":640},"31":{"name":"(anonymous_31)","decl":{"start":{"line":662,"column":10},"end":{"line":662,"column":33}},"loc":{"start":{"line":662,"column":75},"end":{"line":704,"column":null}},"line":662},"32":{"name":"(anonymous_32)","decl":{"start":{"line":684,"column":67},"end":{"line":684,"column":73}},"loc":{"start":{"line":684,"column":73},"end":{"line":686,"column":9}},"line":684},"33":{"name":"(anonymous_33)","decl":{"start":{"line":691,"column":55},"end":{"line":691,"column":56}},"loc":{"start":{"line":692,"column":10},"end":{"line":695,"column":null}},"line":692},"34":{"name":"(anonymous_34)","decl":{"start":{"line":708,"column":16},"end":{"line":708,"column":28}},"loc":{"start":{"line":708,"column":66},"end":{"line":724,"column":null}},"line":708},"35":{"name":"(anonymous_35)","decl":{"start":{"line":726,"column":10},"end":{"line":726,"column":23}},"loc":{"start":{"line":726,"column":52},"end":{"line":740,"column":null}},"line":726},"36":{"name":"safeReaddir","decl":{"start":{"line":743,"column":9},"end":{"line":743,"column":21}},"loc":{"start":{"line":743,"column":44},"end":{"line":749,"column":null}},"line":743}},"branchMap":{"0":{"loc":{"start":{"line":33,"column":2},"end":{"line":33,"column":null}},"type":"binary-expr","locations":[{"start":{"line":33,"column":2},"end":{"line":33,"column":42}},{"start":{"line":33,"column":42},"end":{"line":33,"column":null}}],"line":33},"1":{"loc":{"start":{"line":92,"column":6},"end":{"line":92,"column":null}},"type":"if","locations":[{"start":{"line":92,"column":6},"end":{"line":92,"column":null}},{"start":{},"end":{}}],"line":92},"2":{"loc":{"start":{"line":100,"column":6},"end":{"line":100,"column":null}},"type":"if","locations":[{"start":{"line":100,"column":6},"end":{"line":100,"column":null}},{"start":{},"end":{}}],"line":100},"3":{"loc":{"start":{"line":108,"column":4},"end":{"line":108,"column":null}},"type":"if","locations":[{"start":{"line":108,"column":4},"end":{"line":108,"column":null}},{"start":{},"end":{}}],"line":108},"4":{"loc":{"start":{"line":121,"column":4},"end":{"line":126,"column":null}},"type":"if","locations":[{"start":{"line":121,"column":4},"end":{"line":126,"column":null}},{"start":{},"end":{}}],"line":121},"5":{"loc":{"start":{"line":122,"column":6},"end":{"line":122,"column":null}},"type":"if","locations":[{"start":{"line":122,"column":6},"end":{"line":122,"column":null}},{"start":{},"end":{}}],"line":122},"6":{"loc":{"start":{"line":142,"column":44},"end":{"line":142,"column":65}},"type":"binary-expr","locations":[{"start":{"line":142,"column":44},"end":{"line":142,"column":60}},{"start":{"line":142,"column":60},"end":{"line":142,"column":65}}],"line":142},"7":{"loc":{"start":{"line":150,"column":4},"end":{"line":161,"column":null}},"type":"if","locations":[{"start":{"line":150,"column":4},"end":{"line":161,"column":null}},{"start":{"line":159,"column":11},"end":{"line":161,"column":null}}],"line":150},"8":{"loc":{"start":{"line":152,"column":6},"end":{"line":158,"column":null}},"type":"if","locations":[{"start":{"line":152,"column":6},"end":{"line":158,"column":null}},{"start":{},"end":{}}],"line":152},"9":{"loc":{"start":{"line":180,"column":4},"end":{"line":182,"column":null}},"type":"if","locations":[{"start":{"line":180,"column":4},"end":{"line":182,"column":null}},{"start":{},"end":{}}],"line":180},"10":{"loc":{"start":{"line":180,"column":8},"end":{"line":180,"column":33}},"type":"binary-expr","locations":[{"start":{"line":180,"column":8},"end":{"line":180,"column":24}},{"start":{"line":180,"column":24},"end":{"line":180,"column":33}}],"line":180},"11":{"loc":{"start":{"line":219,"column":4},"end":{"line":222,"column":null}},"type":"if","locations":[{"start":{"line":219,"column":4},"end":{"line":222,"column":null}},{"start":{},"end":{}}],"line":219},"12":{"loc":{"start":{"line":228,"column":4},"end":{"line":228,"column":null}},"type":"if","locations":[{"start":{"line":228,"column":4},"end":{"line":228,"column":null}},{"start":{},"end":{}}],"line":228},"13":{"loc":{"start":{"line":240,"column":8},"end":{"line":240,"column":null}},"type":"if","locations":[{"start":{"line":240,"column":8},"end":{"line":240,"column":null}},{"start":{},"end":{}}],"line":240},"14":{"loc":{"start":{"line":250,"column":10},"end":{"line":250,"column":null}},"type":"if","locations":[{"start":{"line":250,"column":10},"end":{"line":250,"column":null}},{"start":{},"end":{}}],"line":250},"15":{"loc":{"start":{"line":256,"column":10},"end":{"line":256,"column":null}},"type":"if","locations":[{"start":{"line":256,"column":10},"end":{"line":256,"column":null}},{"start":{},"end":{}}],"line":256},"16":{"loc":{"start":{"line":278,"column":4},"end":{"line":278,"column":null}},"type":"if","locations":[{"start":{"line":278,"column":4},"end":{"line":278,"column":null}},{"start":{},"end":{}}],"line":278},"17":{"loc":{"start":{"line":279,"column":4},"end":{"line":283,"column":null}},"type":"if","locations":[{"start":{"line":279,"column":4},"end":{"line":283,"column":null}},{"start":{},"end":{}}],"line":279},"18":{"loc":{"start":{"line":288,"column":4},"end":{"line":288,"column":null}},"type":"if","locations":[{"start":{"line":288,"column":4},"end":{"line":288,"column":null}},{"start":{},"end":{}}],"line":288},"19":{"loc":{"start":{"line":312,"column":6},"end":{"line":312,"column":null}},"type":"if","locations":[{"start":{"line":312,"column":6},"end":{"line":312,"column":null}},{"start":{},"end":{}}],"line":312},"20":{"loc":{"start":{"line":326,"column":8},"end":{"line":333,"column":null}},"type":"if","locations":[{"start":{"line":326,"column":8},"end":{"line":333,"column":null}},{"start":{},"end":{}}],"line":326},"21":{"loc":{"start":{"line":368,"column":12},"end":{"line":368,"column":null}},"type":"cond-expr","locations":[{"start":{"line":368,"column":35},"end":{"line":368,"column":41}},{"start":{"line":368,"column":41},"end":{"line":368,"column":null}}],"line":368},"22":{"loc":{"start":{"line":384,"column":18},"end":{"line":384,"column":73}},"type":"cond-expr","locations":[{"start":{"line":384,"column":41},"end":{"line":384,"column":47}},{"start":{"line":384,"column":47},"end":{"line":384,"column":73}}],"line":384},"23":{"loc":{"start":{"line":401,"column":4},"end":{"line":401,"column":null}},"type":"if","locations":[{"start":{"line":401,"column":4},"end":{"line":401,"column":null}},{"start":{},"end":{}}],"line":401},"24":{"loc":{"start":{"line":453,"column":4},"end":{"line":466,"column":null}},"type":"if","locations":[{"start":{"line":453,"column":4},"end":{"line":466,"column":null}},{"start":{"line":455,"column":11},"end":{"line":466,"column":null}}],"line":453},"25":{"loc":{"start":{"line":470,"column":39},"end":{"line":470,"column":57}},"type":"cond-expr","locations":[{"start":{"line":470,"column":48},"end":{"line":470,"column":54}},{"start":{"line":470,"column":54},"end":{"line":470,"column":57}}],"line":470},"26":{"loc":{"start":{"line":483,"column":40},"end":{"line":483,"column":64}},"type":"cond-expr","locations":[{"start":{"line":483,"column":55},"end":{"line":483,"column":61}},{"start":{"line":483,"column":61},"end":{"line":483,"column":64}}],"line":483},"27":{"loc":{"start":{"line":491,"column":4},"end":{"line":494,"column":null}},"type":"if","locations":[{"start":{"line":491,"column":4},"end":{"line":494,"column":null}},{"start":{},"end":{}}],"line":491},"28":{"loc":{"start":{"line":491,"column":8},"end":{"line":491,"column":62}},"type":"binary-expr","locations":[{"start":{"line":491,"column":8},"end":{"line":491,"column":27}},{"start":{"line":491,"column":27},"end":{"line":491,"column":44}},{"start":{"line":491,"column":44},"end":{"line":491,"column":62}}],"line":491},"29":{"loc":{"start":{"line":498,"column":18},"end":{"line":500,"column":null}},"type":"cond-expr","locations":[{"start":{"line":499,"column":10},"end":{"line":499,"column":null}},{"start":{"line":500,"column":10},"end":{"line":500,"column":null}}],"line":498},"30":{"loc":{"start":{"line":580,"column":8},"end":{"line":582,"column":null}},"type":"if","locations":[{"start":{"line":580,"column":8},"end":{"line":582,"column":null}},{"start":{},"end":{}}],"line":580},"31":{"loc":{"start":{"line":580,"column":12},"end":{"line":580,"column":41}},"type":"binary-expr","locations":[{"start":{"line":580,"column":12},"end":{"line":580,"column":31}},{"start":{"line":580,"column":31},"end":{"line":580,"column":41}}],"line":580},"32":{"loc":{"start":{"line":589,"column":8},"end":{"line":591,"column":null}},"type":"if","locations":[{"start":{"line":589,"column":8},"end":{"line":591,"column":null}},{"start":{},"end":{}}],"line":589},"33":{"loc":{"start":{"line":589,"column":12},"end":{"line":589,"column":41}},"type":"binary-expr","locations":[{"start":{"line":589,"column":12},"end":{"line":589,"column":31}},{"start":{"line":589,"column":31},"end":{"line":589,"column":41}}],"line":589},"34":{"loc":{"start":{"line":601,"column":6},"end":{"line":601,"column":null}},"type":"if","locations":[{"start":{"line":601,"column":6},"end":{"line":601,"column":null}},{"start":{},"end":{}}],"line":601},"35":{"loc":{"start":{"line":631,"column":14},"end":{"line":631,"column":null}},"type":"binary-expr","locations":[{"start":{"line":631,"column":14},"end":{"line":631,"column":25}},{"start":{"line":631,"column":25},"end":{"line":631,"column":null}}],"line":631},"36":{"loc":{"start":{"line":632,"column":18},"end":{"line":632,"column":null}},"type":"binary-expr","locations":[{"start":{"line":632,"column":18},"end":{"line":632,"column":33}},{"start":{"line":632,"column":33},"end":{"line":632,"column":null}}],"line":632},"37":{"loc":{"start":{"line":633,"column":20},"end":{"line":633,"column":null}},"type":"binary-expr","locations":[{"start":{"line":633,"column":20},"end":{"line":633,"column":37}},{"start":{"line":633,"column":37},"end":{"line":633,"column":null}}],"line":633},"38":{"loc":{"start":{"line":634,"column":19},"end":{"line":634,"column":null}},"type":"binary-expr","locations":[{"start":{"line":634,"column":19},"end":{"line":634,"column":35}},{"start":{"line":634,"column":35},"end":{"line":634,"column":null}}],"line":634},"39":{"loc":{"start":{"line":635,"column":14},"end":{"line":635,"column":null}},"type":"binary-expr","locations":[{"start":{"line":635,"column":14},"end":{"line":635,"column":25}},{"start":{"line":635,"column":25},"end":{"line":635,"column":null}}],"line":635},"40":{"loc":{"start":{"line":665,"column":6},"end":{"line":665,"column":null}},"type":"if","locations":[{"start":{"line":665,"column":6},"end":{"line":665,"column":null}},{"start":{},"end":{}}],"line":665},"41":{"loc":{"start":{"line":683,"column":6},"end":{"line":687,"column":null}},"type":"if","locations":[{"start":{"line":683,"column":6},"end":{"line":687,"column":null}},{"start":{},"end":{}}],"line":683},"42":{"loc":{"start":{"line":700,"column":6},"end":{"line":702,"column":null}},"type":"if","locations":[{"start":{"line":700,"column":6},"end":{"line":702,"column":null}},{"start":{},"end":{}}],"line":700},"43":{"loc":{"start":{"line":709,"column":4},"end":{"line":709,"column":null}},"type":"if","locations":[{"start":{"line":709,"column":4},"end":{"line":709,"column":null}},{"start":{},"end":{}}],"line":709},"44":{"loc":{"start":{"line":710,"column":4},"end":{"line":723,"column":null}},"type":"if","locations":[{"start":{"line":710,"column":4},"end":{"line":723,"column":null}},{"start":{},"end":{}}],"line":710},"45":{"loc":{"start":{"line":727,"column":4},"end":{"line":727,"column":null}},"type":"if","locations":[{"start":{"line":727,"column":4},"end":{"line":727,"column":null}},{"start":{},"end":{}}],"line":727},"46":{"loc":{"start":{"line":728,"column":4},"end":{"line":728,"column":null}},"type":"if","locations":[{"start":{"line":728,"column":4},"end":{"line":728,"column":null}},{"start":{},"end":{}}],"line":728}},"s":{"0":2,"1":2,"2":2,"3":48,"4":48,"5":48,"6":48,"7":48,"8":15,"9":15,"10":1,"11":1,"12":1,"13":6,"14":6,"15":1,"16":1,"17":1,"18":50,"19":50,"20":1,"21":49,"22":49,"23":49,"24":49,"25":49,"26":49,"27":2,"28":1,"29":1,"30":1,"31":1,"32":48,"33":48,"34":48,"35":48,"36":48,"37":48,"38":49,"39":49,"40":49,"41":49,"42":2,"43":2,"44":1,"45":1,"46":46,"47":48,"48":48,"49":48,"50":48,"51":46,"52":47,"53":47,"54":47,"55":47,"56":47,"57":2,"58":21,"59":21,"60":1,"61":1,"62":20,"63":20,"64":20,"65":1,"66":20,"67":17,"68":20,"69":20,"70":20,"71":2,"72":0,"73":2,"74":2,"75":20,"76":11,"77":1,"78":10,"79":10,"80":10,"81":7,"82":0,"83":7,"84":7,"85":7,"86":20,"87":5,"88":5,"89":5,"90":5,"91":17,"92":17,"93":0,"94":17,"95":2,"96":2,"97":15,"98":17,"99":0,"100":17,"101":17,"102":17,"103":17,"104":17,"105":17,"106":17,"107":17,"108":17,"109":4,"110":4,"111":4,"112":4,"113":4,"114":4,"115":17,"116":17,"117":17,"118":17,"119":14,"120":1,"121":1,"122":1,"123":13,"124":13,"125":13,"126":1,"127":1,"128":17,"129":1,"130":1,"131":1,"132":1,"133":2,"134":2,"135":2,"136":0,"137":2,"138":2,"139":2,"140":1,"141":4,"142":4,"143":4,"144":3,"145":48,"146":48,"147":48,"148":48,"149":48,"150":1,"151":47,"152":47,"153":47,"154":47,"155":48,"156":48,"157":48,"158":48,"159":48,"160":48,"161":48,"162":48,"163":48,"164":48,"165":48,"166":48,"167":48,"168":48,"169":48,"170":48,"171":48,"172":96,"173":96,"174":48,"175":48,"176":48,"177":48,"178":48,"179":47,"180":47,"181":47,"182":47,"183":47,"184":1,"185":1,"186":47,"187":1,"188":1,"189":47,"190":12,"191":10,"192":47,"193":15,"194":15,"195":10,"196":10,"197":11,"198":2,"199":9,"200":9,"201":9,"202":1,"203":8,"204":8,"205":1,"206":1,"207":1,"208":1,"209":7,"210":11,"211":11,"212":7,"213":8,"214":8,"215":1,"216":11,"217":11,"218":15,"219":15,"220":15,"221":0,"222":15,"223":15,"224":15,"225":1,"226":14,"227":14,"228":14,"229":14,"230":10,"231":10,"232":11,"233":14,"234":5,"235":1,"236":14,"237":2,"238":2,"239":0,"240":2,"241":2,"242":2,"243":2,"244":2,"245":2,"246":2,"247":1,"248":8,"249":2,"250":8,"251":8,"252":8,"253":8,"254":8,"255":8,"256":2,"257":8,"258":8,"259":1,"260":1,"261":8,"262":119,"263":119,"264":1},"f":{"0":15,"1":1,"2":6,"3":1,"4":50,"5":49,"6":49,"7":2,"8":21,"9":17,"10":20,"11":2,"12":11,"13":7,"14":5,"15":17,"16":17,"17":4,"18":14,"19":1,"20":2,"21":2,"22":4,"23":48,"24":48,"25":48,"26":47,"27":12,"28":15,"29":10,"30":7,"31":15,"32":10,"33":1,"34":2,"35":8,"36":119},"b":{"0":[2,1],"1":[1,0],"2":[1,0],"3":[1,49],"4":[2,47],"5":[1,1],"6":[48,0],"7":[2,46],"8":[1,1],"9":[46,2],"10":[48,2],"11":[1,20],"12":[1,19],"13":[0,2],"14":[1,10],"15":[0,7],"16":[0,17],"17":[2,15],"18":[0,17],"19":[4,0],"20":[1,13],"21":[1,0],"22":[1,0],"23":[0,2],"24":[1,47],"25":[1,47],"26":[47,1],"27":[48,0],"28":[48,48,48],"29":[0,96],"30":[10,2],"31":[12,11],"32":[15,0],"33":[15,15],"34":[2,9],"35":[7,0],"36":[11,0],"37":[11,2],"38":[11,0],"39":[11,0],"40":[0,15],"41":[10,4],"42":[2,12],"43":[0,2],"44":[2,0],"45":[2,6],"46":[8,0]},"meta":{"lastBranch":47,"lastFunction":37,"lastStatement":265,"seen":{"s:30:24:30:Infinity":0,"s:31:33:31:Infinity":1,"s:32:24:35:Infinity":2,"b:33:2:33:42:33:42:33:Infinity":0,"s:81:19:81:Infinity":3,"s:82:46:82:Infinity":4,"s:83:58:83:Infinity":5,"s:84:21:84:Infinity":6,"s:86:27:86:Infinity":7,"f:88:2:88:11":0,"s:89:4:89:Infinity":8,"s:90:4:93:Infinity":9,"f:90:11:90:17":1,"s:91:18:91:Infinity":10,"b:92:6:92:Infinity:undefined:undefined:undefined:undefined":1,"s:92:6:92:Infinity":11,"s:92:22:92:Infinity":12,"f:96:2:96:17":2,"s:97:4:97:Infinity":13,"s:98:4:101:Infinity":14,"f:98:11:98:17":3,"s:99:18:99:Infinity":15,"b:100:6:100:Infinity:undefined:undefined:undefined:undefined":2,"s:100:6:100:Infinity":16,"s:100:22:100:Infinity":17,"f:106:2:106:16":4,"s:107:21:107:Infinity":18,"b:108:4:108:Infinity:undefined:undefined:undefined:undefined":3,"s:108:4:108:Infinity":19,"s:108:18:108:Infinity":20,"s:109:20:111:Infinity":21,"f:109:65:109:71":5,"s:110:6:110:Infinity":22,"s:112:4:112:Infinity":23,"s:113:4:113:Infinity":24,"f:116:16:116:Infinity":6,"s:120:21:120:Infinity":25,"b:121:4:126:Infinity:undefined:undefined:undefined:undefined":4,"s:121:4:126:Infinity":26,"b:122:6:122:Infinity:undefined:undefined:undefined:undefined":5,"s:122:6:122:Infinity":27,"s:122:59:122:Infinity":28,"s:123:6:123:Infinity":29,"s:124:6:124:Infinity":30,"s:125:6:125:Infinity":31,"s:128:21:128:Infinity":32,"s:129:26:129:Infinity":33,"s:132:4:138:Infinity":34,"s:133:6:135:Infinity":35,"s:141:34:141:Infinity":36,"s:142:19:142:Infinity":37,"b:142:44:142:60:142:60:142:65":6,"s:147:8:147:Infinity":38,"s:148:17:148:Infinity":39,"s:149:25:149:Infinity":40,"b:150:4:161:Infinity:159:11:161:Infinity":7,"s:150:4:161:Infinity":41,"s:151:6:151:Infinity":42,"b:152:6:158:Infinity:undefined:undefined:undefined:undefined":8,"s:152:6:158:Infinity":43,"s:153:8:156:Infinity":44,"s:157:8:157:Infinity":45,"s:160:6:160:Infinity":46,"s:163:17:170:Infinity":47,"s:172:4:175:Infinity":48,"s:176:4:176:Infinity":49,"b:180:4:182:Infinity:undefined:undefined:undefined:undefined":9,"s:180:4:182:Infinity":50,"b:180:8:180:24:180:24:180:33":10,"s:181:6:181:Infinity":51,"s:185:10:185:Infinity":52,"s:186:34:202:Infinity":53,"s:203:4:203:Infinity":54,"s:205:4:205:Infinity":55,"s:206:4:209:Infinity":56,"f:207:6:207:12":7,"s:207:12:207:Infinity":57,"f:217:2:217:14":8,"s:218:18:218:Infinity":58,"b:219:4:222:Infinity:undefined:undefined:undefined:undefined":11,"s:219:4:222:Infinity":59,"s:220:6:220:Infinity":60,"s:221:6:221:Infinity":61,"s:224:4:224:Infinity":62,"s:225:4:225:Infinity":63,"b:228:4:228:Infinity:undefined:undefined:undefined:undefined":12,"s:228:4:228:Infinity":64,"s:228:26:228:Infinity":65,"s:229:4:232:Infinity":66,"f:230:6:230:12":9,"s:230:12:230:Infinity":67,"s:237:4:263:Infinity":68,"f:237:29:237:30":10,"s:238:20:238:Infinity":69,"s:239:20:247:Infinity":70,"f:239:31:239:37":11,"b:240:8:240:Infinity:undefined:undefined:undefined:undefined":13,"s:240:8:240:Infinity":71,"s:240:21:240:Infinity":72,"s:241:8:241:Infinity":73,"s:242:8:246:Infinity":74,"s:248:38:261:Infinity":75,"f:249:17:249:23":12,"b:250:10:250:Infinity:undefined:undefined:undefined:undefined":14,"s:250:10:250:Infinity":76,"s:250:23:250:Infinity":77,"s:251:10:251:Infinity":78,"s:252:10:252:Infinity":79,"s:253:10:253:Infinity":80,"f:255:16:255:17":13,"b:256:10:256:Infinity:undefined:undefined:undefined:undefined":15,"s:256:10:256:Infinity":81,"s:256:23:256:Infinity":82,"s:257:10:257:Infinity":83,"s:258:10:258:Infinity":84,"s:259:10:259:Infinity":85,"s:262:6:262:Infinity":86,"f:266:8:266:33":14,"s:267:4:267:Infinity":87,"s:268:4:270:Infinity":88,"s:269:6:269:Infinity":89,"s:271:4:271:Infinity":90,"f:276:10:276:26":15,"s:277:4:277:Infinity":91,"b:278:4:278:Infinity:undefined:undefined:undefined:undefined":16,"s:278:4:278:Infinity":92,"s:278:40:278:Infinity":93,"b:279:4:283:Infinity:undefined:undefined:undefined:undefined":17,"s:279:4:283:Infinity":94,"s:281:6:281:Infinity":95,"s:282:6:282:Infinity":96,"s:284:4:284:Infinity":97,"f:287:10:287:19":16,"b:288:4:288:Infinity:undefined:undefined:undefined:undefined":18,"s:288:4:288:Infinity":98,"s:288:40:288:Infinity":99,"s:289:19:289:Infinity":100,"s:290:4:290:Infinity":101,"s:291:4:291:Infinity":102,"s:295:27:295:Infinity":103,"s:296:4:296:Infinity":104,"s:297:4:297:Infinity":105,"s:302:4:302:Infinity":106,"s:304:4:307:Infinity":107,"s:309:24:316:Infinity":108,"f:309:24:309:25":17,"s:311:18:311:Infinity":109,"b:312:6:312:Infinity:undefined:undefined:undefined:undefined":19,"s:312:6:312:Infinity":110,"s:312:22:312:Infinity":111,"s:314:6:314:Infinity":112,"s:315:6:315:Infinity":113,"s:315:38:315:Infinity":114,"s:318:4:385:Infinity":115,"s:319:12:323:Infinity":116,"s:324:6:324:Infinity":117,"s:325:6:371:Infinity":118,"f:325:27:325:28":18,"b:326:8:333:Infinity:undefined:undefined:undefined:undefined":20,"s:326:8:333:Infinity":119,"s:327:10:330:Infinity":120,"s:331:10:331:Infinity":121,"s:332:10:332:Infinity":122,"s:334:8:370:Infinity":123,"s:335:10:347:Infinity":124,"s:348:10:360:Infinity":125,"s:363:10:366:Infinity":126,"s:367:10:369:Infinity":127,"b:368:35:368:41:368:41:368:Infinity":21,"s:372:6:378:Infinity":128,"f:372:27:372:28":19,"s:373:8:376:Infinity":129,"s:377:8:377:Infinity":130,"s:380:6:383:Infinity":131,"s:384:6:384:Infinity":132,"b:384:41:384:47:384:47:384:73":22,"f:390:10:390:Infinity":20,"s:398:24:400:Infinity":133,"f:399:6:399:7":21,"s:399:13:399:Infinity":134,"b:401:4:401:Infinity:undefined:undefined:undefined:undefined":23,"s:401:4:401:Infinity":135,"s:401:22:401:Infinity":136,"s:404:27:409:Infinity":137,"s:410:4:414:Infinity":138,"s:411:6:411:Infinity":139,"s:413:6:413:Infinity":140,"f:417:10:417:29":22,"s:418:4:427:Infinity":141,"s:419:12:423:Infinity":142,"s:424:6:424:Infinity":143,"s:426:6:426:Infinity":144,"f:430:10:430:Infinity":23,"s:442:27:442:Infinity":145,"s:445:4:445:Infinity":146,"s:448:4:448:Infinity":147,"s:452:22:452:Infinity":148,"b:453:4:466:Infinity:455:11:466:Infinity":24,"s:453:4:466:Infinity":149,"s:454:6:454:Infinity":150,"s:456:6:459:Infinity":151,"s:460:6:463:Infinity":152,"s:464:6:464:Infinity":153,"s:465:6:465:Infinity":154,"s:469:4:469:Infinity":155,"s:470:4:470:Infinity":156,"b:470:48:470:54:470:54:470:57":25,"s:471:4:471:Infinity":157,"s:472:4:475:Infinity":158,"s:476:4:476:Infinity":159,"s:477:4:477:Infinity":160,"s:478:4:478:Infinity":161,"s:481:4:481:Infinity":162,"s:482:4:482:Infinity":163,"s:483:4:483:Infinity":164,"b:483:55:483:61:483:61:483:64":26,"s:486:4:486:Infinity":165,"s:489:20:489:Infinity":166,"s:490:20:490:Infinity":167,"b:491:4:494:Infinity:undefined:undefined:undefined:undefined":27,"s:491:4:494:Infinity":168,"b:491:8:491:27:491:27:491:44:491:44:491:62":28,"s:492:6:492:Infinity":169,"s:493:6:493:Infinity":170,"s:497:4:502:Infinity":171,"s:498:18:500:Infinity":172,"b:499:10:499:Infinity:500:10:500:Infinity":29,"s:501:6:501:Infinity":173,"s:504:4:504:Infinity":174,"s:505:4:505:Infinity":175,"f:508:10:508:40":24,"s:510:4:525:Infinity":176,"f:528:10:528:29":25,"s:532:48:543:Infinity":177,"s:544:4:544:Infinity":178,"f:549:10:549:Infinity":26,"s:553:22:553:Infinity":179,"s:554:28:554:Infinity":180,"s:555:4:555:Infinity":181,"s:556:4:556:Infinity":182,"s:561:4:567:Infinity":183,"s:562:6:566:Infinity":184,"s:563:8:563:Infinity":185,"s:568:4:574:Infinity":186,"s:569:6:573:Infinity":187,"s:570:8:570:Infinity":188,"s:576:4:584:Infinity":189,"f:579:6:579:7":27,"b:580:8:582:Infinity:undefined:undefined:undefined:undefined":30,"s:580:8:582:Infinity":190,"b:580:12:580:31:580:31:580:41":31,"s:581:10:581:Infinity":191,"s:585:4:593:Infinity":192,"f:588:6:588:7":28,"b:589:8:591:Infinity:undefined:undefined:undefined:undefined":32,"s:589:8:591:Infinity":193,"b:589:12:589:31:589:31:589:41":33,"s:590:10:590:Infinity":194,"f:596:10:596:27":29,"s:597:20:597:Infinity":195,"s:598:4:659:Infinity":196,"b:601:6:601:Infinity:undefined:undefined:undefined:undefined":34,"s:601:6:601:Infinity":197,"s:601:35:601:Infinity":198,"s:602:23:602:Infinity":199,"s:604:6:610:Infinity":200,"s:605:8:605:Infinity":201,"s:609:8:609:Infinity":202,"s:618:6:629:Infinity":203,"s:619:8:619:Infinity":204,"s:621:8:621:Infinity":205,"s:623:8:627:Infinity":206,"s:624:10:624:Infinity":207,"s:628:8:628:Infinity":208,"s:630:38:636:Infinity":209,"b:631:14:631:25:631:25:631:Infinity":35,"b:632:18:632:33:632:33:632:Infinity":36,"b:633:20:633:37:633:37:633:Infinity":37,"b:634:19:634:35:634:35:634:Infinity":38,"b:635:14:635:25:635:25:635:Infinity":39,"s:639:24:639:Infinity":210,"s:640:6:651:Infinity":211,"f:640:65:640:77":30,"s:641:8:650:Infinity":212,"s:642:10:649:Infinity":213,"s:643:12:643:Infinity":214,"s:645:12:648:Infinity":215,"s:654:6:658:Infinity":216,"s:655:8:655:Infinity":217,"f:662:10:662:33":31,"s:663:20:663:Infinity":218,"s:664:4:703:Infinity":219,"b:665:6:665:Infinity:undefined:undefined:undefined:undefined":40,"s:665:6:665:Infinity":220,"s:665:35:665:Infinity":221,"s:666:23:666:Infinity":222,"s:669:6:674:Infinity":223,"s:670:8:670:Infinity":224,"s:673:8:673:Infinity":225,"s:676:6:676:Infinity":226,"s:677:6:677:Infinity":227,"s:682:20:682:Infinity":228,"b:683:6:687:Infinity:undefined:undefined:undefined:undefined":41,"s:683:6:687:Infinity":229,"s:684:8:686:Infinity":230,"f:684:67:684:73":32,"s:685:10:685:Infinity":231,"s:685:33:685:Infinity":232,"s:690:6:697:Infinity":233,"s:691:8:696:Infinity":234,"f:691:55:691:56":33,"s:692:10:695:Infinity":235,"b:700:6:702:Infinity:undefined:undefined:undefined:undefined":42,"s:700:6:702:Infinity":236,"s:701:8:701:Infinity":237,"f:708:16:708:28":34,"b:709:4:709:Infinity:undefined:undefined:undefined:undefined":43,"s:709:4:709:Infinity":238,"s:709:23:709:Infinity":239,"b:710:4:723:Infinity:undefined:undefined:undefined:undefined":44,"s:710:4:723:Infinity":240,"s:711:6:714:Infinity":241,"s:715:33:715:Infinity":242,"s:716:6:716:Infinity":243,"s:717:6:717:Infinity":244,"s:718:6:722:Infinity":245,"s:719:8:719:Infinity":246,"s:721:8:721:Infinity":247,"f:726:10:726:23":35,"b:727:4:727:Infinity:undefined:undefined:undefined:undefined":45,"s:727:4:727:Infinity":248,"s:727:26:727:Infinity":249,"b:728:4:728:Infinity:undefined:undefined:undefined:undefined":46,"s:728:4:728:Infinity":250,"s:728:27:728:Infinity":251,"s:729:4:729:Infinity":252,"s:730:4:730:Infinity":253,"s:733:16:733:Infinity":254,"s:734:4:734:Infinity":255,"s:734:48:734:Infinity":256,"s:735:4:735:Infinity":257,"s:736:4:738:Infinity":258,"s:737:6:737:Infinity":259,"s:737:29:737:Infinity":260,"s:739:4:739:Infinity":261,"f:743:9:743:21":36,"s:744:2:748:Infinity":262,"s:745:4:745:Infinity":263,"s:747:4:747:Infinity":264}}}
,"/Users/TGP/Dev/nanoclaw/src/container-runner.ts": {"path":"/Users/TGP/Dev/nanoclaw/src/container-runner.ts","statementMap":{"0":{"start":{"line":35,"column":28},"end":{"line":35,"column":null}},"1":{"start":{"line":36,"column":26},"end":{"line":36,"column":null}},"2":{"start":{"line":66,"column":32},"end":{"line":66,"column":null}},"3":{"start":{"line":67,"column":22},"end":{"line":67,"column":null}},"4":{"start":{"line":68,"column":8},"end":{"line":68,"column":null}},"5":{"start":{"line":70,"column":2},"end":{"line":117,"column":null}},"6":{"start":{"line":76,"column":4},"end":{"line":80,"column":null}},"7":{"start":{"line":84,"column":20},"end":{"line":84,"column":null}},"8":{"start":{"line":85,"column":4},"end":{"line":91,"column":null}},"9":{"start":{"line":86,"column":6},"end":{"line":90,"column":null}},"10":{"start":{"line":94,"column":4},"end":{"line":98,"column":null}},"11":{"start":{"line":101,"column":4},"end":{"line":105,"column":null}},"12":{"start":{"line":109,"column":22},"end":{"line":109,"column":null}},"13":{"start":{"line":110,"column":4},"end":{"line":116,"column":null}},"14":{"start":{"line":111,"column":6},"end":{"line":115,"column":null}},"15":{"start":{"line":121,"column":27},"end":{"line":126,"column":null}},"16":{"start":{"line":127,"column":2},"end":{"line":127,"column":null}},"17":{"start":{"line":128,"column":23},"end":{"line":128,"column":null}},"18":{"start":{"line":132,"column":29},"end":{"line":132,"column":null}},"19":{"start":{"line":133,"column":8},"end":{"line":133,"column":null}},"20":{"start":{"line":135,"column":2},"end":{"line":138,"column":null}},"21":{"start":{"line":136,"column":4},"end":{"line":137,"column":null}},"22":{"start":{"line":137,"column":6},"end":{"line":137,"column":null}},"23":{"start":{"line":141,"column":46},"end":{"line":141,"column":null}},"24":{"start":{"line":142,"column":2},"end":{"line":148,"column":null}},"25":{"start":{"line":143,"column":4},"end":{"line":147,"column":null}},"26":{"start":{"line":144,"column":6},"end":{"line":144,"column":null}},"27":{"start":{"line":150,"column":42},"end":{"line":160,"column":null}},"28":{"start":{"line":162,"column":25},"end":{"line":172,"column":null}},"29":{"start":{"line":174,"column":2},"end":{"line":177,"column":null}},"30":{"start":{"line":180,"column":20},"end":{"line":180,"column":null}},"31":{"start":{"line":181,"column":20},"end":{"line":181,"column":null}},"32":{"start":{"line":182,"column":2},"end":{"line":189,"column":null}},"33":{"start":{"line":183,"column":4},"end":{"line":188,"column":null}},"34":{"start":{"line":184,"column":21},"end":{"line":184,"column":null}},"35":{"start":{"line":185,"column":6},"end":{"line":185,"column":null}},"36":{"start":{"line":185,"column":46},"end":{"line":185,"column":null}},"37":{"start":{"line":186,"column":21},"end":{"line":186,"column":null}},"38":{"start":{"line":187,"column":6},"end":{"line":187,"column":null}},"39":{"start":{"line":190,"column":2},"end":{"line":194,"column":null}},"40":{"start":{"line":197,"column":18},"end":{"line":197,"column":null}},"41":{"start":{"line":198,"column":19},"end":{"line":198,"column":null}},"42":{"start":{"line":199,"column":2},"end":{"line":205,"column":null}},"43":{"start":{"line":200,"column":4},"end":{"line":204,"column":null}},"44":{"start":{"line":209,"column":18},"end":{"line":209,"column":null}},"45":{"start":{"line":210,"column":2},"end":{"line":219,"column":null}},"46":{"start":{"line":214,"column":4},"end":{"line":218,"column":null}},"47":{"start":{"line":223,"column":8},"end":{"line":223,"column":null}},"48":{"start":{"line":224,"column":2},"end":{"line":224,"column":null}},"49":{"start":{"line":225,"column":2},"end":{"line":225,"column":null}},"50":{"start":{"line":226,"column":2},"end":{"line":226,"column":null}},"51":{"start":{"line":227,"column":2},"end":{"line":231,"column":null}},"52":{"start":{"line":236,"column":25},"end":{"line":241,"column":null}},"53":{"start":{"line":242,"column":30},"end":{"line":247,"column":null}},"54":{"start":{"line":248,"column":2},"end":{"line":250,"column":null}},"55":{"start":{"line":249,"column":4},"end":{"line":249,"column":null}},"56":{"start":{"line":251,"column":2},"end":{"line":255,"column":null}},"57":{"start":{"line":258,"column":20},"end":{"line":258,"column":null}},"58":{"start":{"line":259,"column":2},"end":{"line":265,"column":null}},"59":{"start":{"line":260,"column":4},"end":{"line":264,"column":null}},"60":{"start":{"line":267,"column":2},"end":{"line":274,"column":null}},"61":{"start":{"line":268,"column":10},"end":{"line":272,"column":null}},"62":{"start":{"line":273,"column":4},"end":{"line":273,"column":null}},"63":{"start":{"line":276,"column":2},"end":{"line":276,"column":null}},"64":{"start":{"line":283,"column":25},"end":{"line":283,"column":null}},"65":{"start":{"line":286,"column":2},"end":{"line":286,"column":null}},"66":{"start":{"line":289,"column":2},"end":{"line":292,"column":null}},"67":{"start":{"line":295,"column":2},"end":{"line":298,"column":null}},"68":{"start":{"line":301,"column":2},"end":{"line":301,"column":null}},"69":{"start":{"line":307,"column":8},"end":{"line":307,"column":null}},"70":{"start":{"line":308,"column":2},"end":{"line":312,"column":null}},"71":{"start":{"line":309,"column":4},"end":{"line":309,"column":null}},"72":{"start":{"line":311,"column":4},"end":{"line":311,"column":null}},"73":{"start":{"line":315,"column":2},"end":{"line":315,"column":null}},"74":{"start":{"line":320,"column":18},"end":{"line":320,"column":null}},"75":{"start":{"line":321,"column":18},"end":{"line":321,"column":null}},"76":{"start":{"line":322,"column":2},"end":{"line":325,"column":null}},"77":{"start":{"line":323,"column":4},"end":{"line":323,"column":null}},"78":{"start":{"line":324,"column":4},"end":{"line":324,"column":null}},"79":{"start":{"line":327,"column":2},"end":{"line":333,"column":null}},"80":{"start":{"line":328,"column":4},"end":{"line":332,"column":null}},"81":{"start":{"line":329,"column":6},"end":{"line":329,"column":null}},"82":{"start":{"line":331,"column":6},"end":{"line":331,"column":null}},"83":{"start":{"line":335,"column":2},"end":{"line":335,"column":null}},"84":{"start":{"line":337,"column":2},"end":{"line":337,"column":null}},"85":{"start":{"line":346,"column":20},"end":{"line":346,"column":null}},"86":{"start":{"line":348,"column":8},"end":{"line":348,"column":null}},"87":{"start":{"line":349,"column":2},"end":{"line":349,"column":null}},"88":{"start":{"line":351,"column":17},"end":{"line":351,"column":null}},"89":{"start":{"line":352,"column":19},"end":{"line":352,"column":null}},"90":{"start":{"line":353,"column":24},"end":{"line":353,"column":null}},"91":{"start":{"line":354,"column":24},"end":{"line":354,"column":null}},"92":{"start":{"line":356,"column":2},"end":{"line":367,"column":null}},"93":{"start":{"line":362,"column":10},"end":{"line":362,"column":null}},"94":{"start":{"line":369,"column":2},"end":{"line":377,"column":null}},"95":{"start":{"line":379,"column":18},"end":{"line":379,"column":null}},"96":{"start":{"line":380,"column":2},"end":{"line":380,"column":null}},"97":{"start":{"line":382,"column":2},"end":{"line":726,"column":null}},"98":{"start":{"line":383,"column":10},"end":{"line":385,"column":null}},"99":{"start":{"line":387,"column":4},"end":{"line":387,"column":null}},"100":{"start":{"line":389,"column":17},"end":{"line":389,"column":null}},"101":{"start":{"line":390,"column":17},"end":{"line":390,"column":null}},"102":{"start":{"line":391,"column":26},"end":{"line":391,"column":null}},"103":{"start":{"line":392,"column":26},"end":{"line":392,"column":null}},"104":{"start":{"line":394,"column":4},"end":{"line":394,"column":null}},"105":{"start":{"line":395,"column":4},"end":{"line":395,"column":null}},"106":{"start":{"line":398,"column":22},"end":{"line":398,"column":null}},"107":{"start":{"line":400,"column":22},"end":{"line":400,"column":null}},"108":{"start":{"line":402,"column":4},"end":{"line":452,"column":null}},"109":{"start":{"line":403,"column":20},"end":{"line":403,"column":null}},"110":{"start":{"line":406,"column":6},"end":{"line":418,"column":null}},"111":{"start":{"line":407,"column":26},"end":{"line":407,"column":null}},"112":{"start":{"line":408,"column":8},"end":{"line":417,"column":null}},"113":{"start":{"line":409,"column":10},"end":{"line":409,"column":null}},"114":{"start":{"line":410,"column":10},"end":{"line":410,"column":null}},"115":{"start":{"line":411,"column":10},"end":{"line":414,"column":null}},"116":{"start":{"line":416,"column":10},"end":{"line":416,"column":null}},"117":{"start":{"line":421,"column":6},"end":{"line":451,"column":null}},"118":
[...]
tart":{"line":271,"column":31},"end":{"line":271,"column":47}},{"start":{"line":271,"column":47},"end":{"line":271,"column":null}}],"line":271},"28":{"loc":{"start":{"line":273,"column":27},"end":{"line":273,"column":null}},"type":"binary-expr","locations":[{"start":{"line":273,"column":27},"end":{"line":273,"column":45}},{"start":{"line":273,"column":45},"end":{"line":273,"column":null}}],"line":273},"29":{"loc":{"start":{"line":278,"column":33},"end":{"line":280,"column":null}},"type":"cond-expr","locations":[{"start":{"line":279,"column":16},"end":{"line":279,"column":null}},{"start":{"line":280,"column":16},"end":{"line":280,"column":null}}],"line":278},"30":{"loc":{"start":{"line":283,"column":18},"end":{"line":283,"column":null}},"type":"binary-expr","locations":[{"start":{"line":283,"column":18},"end":{"line":283,"column":32}},{"start":{"line":283,"column":32},"end":{"line":283,"column":null}}],"line":283},"31":{"loc":{"start":{"line":292,"column":10},"end":{"line":302,"column":null}},"type":"if","locations":[{"start":{"line":292,"column":10},"end":{"line":302,"column":null}},{"start":{},"end":{}}],"line":292},"32":{"loc":{"start":{"line":318,"column":21},"end":{"line":320,"column":null}},"type":"cond-expr","locations":[{"start":{"line":319,"column":8},"end":{"line":319,"column":null}},{"start":{"line":320,"column":8},"end":{"line":320,"column":null}}],"line":318},"33":{"loc":{"start":{"line":322,"column":4},"end":{"line":329,"column":null}},"type":"if","locations":[{"start":{"line":322,"column":4},"end":{"line":329,"column":null}},{"start":{},"end":{}}],"line":322},"34":{"loc":{"start":{"line":333,"column":6},"end":{"line":339,"column":null}},"type":"if","locations":[{"start":{"line":333,"column":6},"end":{"line":339,"column":null}},{"start":{},"end":{}}],"line":333},"35":{"loc":{"start":{"line":333,"column":10},"end":{"line":333,"column":41}},"type":"binary-expr","locations":[{"start":{"line":333,"column":10},"end":{"line":333,"column":27}},{"start":{"line":333,"column":27},"end":{"line":333,"column":41}}],"line":333},"36":{"loc":{"start":{"line":335,"column":8},"end":{"line":338,"column":null}},"type":"if","locations":[{"start":{"line":335,"column":8},"end":{"line":338,"column":null}},{"start":{},"end":{}}],"line":335},"37":{"loc":{"start":{"line":352,"column":4},"end":{"line":355,"column":null}},"type":"if","locations":[{"start":{"line":352,"column":4},"end":{"line":355,"column":null}},{"start":{},"end":{}}],"line":352},"38":{"loc":{"start":{"line":361,"column":6},"end":{"line":374,"column":null}},"type":"if","locations":[{"start":{"line":361,"column":6},"end":{"line":374,"column":null}},{"start":{"line":366,"column":13},"end":{"line":374,"column":null}}],"line":361},"39":{"loc":{"start":{"line":361,"column":10},"end":{"line":361,"column":60}},"type":"binary-expr","locations":[{"start":{"line":361,"column":10},"end":{"line":361,"column":39}},{"start":{"line":361,"column":39},"end":{"line":361,"column":60}}],"line":361},"40":{"loc":{"start":{"line":363,"column":25},"end":{"line":363,"column":null}},"type":"cond-expr","locations":[{"start":{"line":363,"column":53},"end":{"line":363,"column":68}},{"start":{"line":363,"column":68},"end":{"line":363,"column":null}}],"line":363},"41":{"loc":{"start":{"line":369,"column":8},"end":{"line":371,"column":null}},"type":"if","locations":[{"start":{"line":369,"column":8},"end":{"line":371,"column":null}},{"start":{},"end":{}}],"line":369},"42":{"loc":{"start":{"line":380,"column":6},"end":{"line":384,"column":null}},"type":"if","locations":[{"start":{"line":380,"column":6},"end":{"line":384,"column":null}},{"start":{},"end":{}}],"line":380},"43":{"loc":{"start":{"line":381,"column":33},"end":{"line":383,"column":null}},"type":"cond-expr","locations":[{"start":{"line":382,"column":12},"end":{"line":382,"column":null}},{"start":{"line":383,"column":12},"end":{"line":383,"column":null}}],"line":381},"44":{"loc":{"start":{"line":387,"column":6},"end":{"line":393,"column":null}},"type":"if","locations":[{"start":{"line":387,"column":6},"end":{"line":393,"column":null}},{"start":{},"end":{}}],"line":387},"45":{"loc":{"start":{"line":387,"column":10},"end":{"line":387,"column":41}},"type":"binary-expr","locations":[{"start":{"line":387,"column":10},"end":{"line":387,"column":27}},{"start":{"line":387,"column":27},"end":{"line":387,"column":41}}],"line":387},"46":{"loc":{"start":{"line":389,"column":8},"end":{"line":392,"column":null}},"type":"if","locations":[{"start":{"line":389,"column":8},"end":{"line":392,"column":null}},{"start":{},"end":{}}],"line":389},"47":{"loc":{"start":{"line":406,"column":11},"end":{"line":406,"column":null}},"type":"binary-expr","locations":[{"start":{"line":406,"column":11},"end":{"line":406,"column":36}},{"start":{"line":406,"column":36},"end":{"line":406,"column":null}}],"line":406},"48":{"loc":{"start":{"line":416,"column":21},"end":{"line":416,"column":null}},"type":"cond-expr","locations":[{"start":{"line":416,"column":32},"end":{"line":416,"column":46}},{"start":{"line":416,"column":46},"end":{"line":416,"column":null}}],"line":416},"49":{"loc":{"start":{"line":433,"column":26},"end":{"line":433,"column":56}},"type":"default-arg","locations":[{"start":{"line":433,"column":34},"end":{"line":433,"column":56}}],"line":433},"50":{"loc":{"start":{"line":434,"column":4},"end":{"line":443,"column":null}},"type":"if","locations":[{"start":{"line":434,"column":4},"end":{"line":443,"column":null}},{"start":{},"end":{}}],"line":434},"51":{"loc":{"start":{"line":436,"column":6},"end":{"line":442,"column":null}},"type":"if","locations":[{"start":{"line":436,"column":6},"end":{"line":442,"column":null}},{"start":{},"end":{}}],"line":436},"52":{"loc":{"start":{"line":438,"column":8},"end":{"line":441,"column":null}},"type":"if","locations":[{"start":{"line":438,"column":8},"end":{"line":441,"column":null}},{"start":{},"end":{}}],"line":438},"53":{"loc":{"start":{"line":451,"column":8},"end":{"line":454,"column":null}},"type":"if","locations":[{"start":{"line":451,"column":8},"end":{"line":454,"column":null}},{"start":{},"end":{}}],"line":451},"54":{"loc":{"start":{"line":476,"column":4},"end":{"line":476,"column":null}},"type":"if","locations":[{"start":{"line":476,"column":4},"end":{"line":476,"column":null}},{"start":{},"end":{}}],"line":476},"55":{"loc":{"start":{"line":481,"column":4},"end":{"line":487,"column":null}},"type":"if","locations":[{"start":{"line":481,"column":4},"end":{"line":487,"column":null}},{"start":{},"end":{}}],"line":481},"56":{"loc":{"start":{"line":494,"column":6},"end":{"line":502,"column":null}},"type":"if","locations":[{"start":{"line":494,"column":6},"end":{"line":502,"column":null}},{"start":{},"end":{}}],"line":494},"57":{"loc":{"start":{"line":511,"column":4},"end":{"line":511,"column":null}},"type":"if","locations":[{"start":{"line":511,"column":4},"end":{"line":511,"column":null}},{"start":{},"end":{}}],"line":511},"58":{"loc":{"start":{"line":511,"column":8},"end":{"line":511,"column":58}},"type":"binary-expr","locations":[{"start":{"line":511,"column":8},"end":{"line":511,"column":25}},{"start":{"line":511,"column":25},"end":{"line":511,"column":58}}],"line":511},"59":{"loc":{"start":{"line":522,"column":8},"end":{"line":524,"column":null}},"type":"if","locations":[{"start":{"line":522,"column":8},"end":{"line":524,"column":null}},{"start":{},"end":{}}],"line":522},"60":{"loc":{"start":{"line":522,"column":12},"end":{"line":522,"column":43}},"type":"binary-expr","locations":[{"start":{"line":522,"column":12},"end":{"line":522,"column":29}},{"start":{"line":522,"column":29},"end":{"line":522,"column":43}}],"line":522}},"s":{"0":2,"1":45,"2":45,"3":45,"4":45,"5":45,"6":45,"7":45,"8":45,"9":38,"10":38,"11":38,"12":38,"13":38,"14":38,"15":1,"16":1,"17":38,"18":0,"19":0,"20":0,"21":0,"22":0,"23":0,"24":38,"25":41,"26":41,"27":1,"28":1,"29":1,"30":1,"31":1,"32":41,"33":3,"34":3,"35":3,"36":3,"37":3,"38":2,"39":1,"40":1,"41":38,"42":37,"43":37,"44":37,"45":0,"46":37,"47":37,"48":37,"49":37,"50":37,"51":37,"52":37,"53":37,"54":0,"55":37,"56":0,"57":37,"58":37,"59":37,"60":0,"61":0,"62":37,"63":37,"64":37,"65":38,"66":38,"67":16,"68":16,"69":16,"70":1,"71":15,"72":15,"73":0,"74":15,"75":15,"76":1,"77":14,"78":14,"79":0,"80":0,"81":0,"82":0,"83":0,"84":14,"85":14,"86":14,"87":14,"88":14,"89":12,"90":12,"91":4,"92":4,"93":3,"94":3,"95":4,"96":3,"97":2,"98":1,"99":12,"100":0,"101":12,"102":1,"103":11,"104":12,"105":12,"106":12,"107":12,"108":2,"109":0,"110":0,"111":8,"112":8,"113":5,"114":5,"115":5,"116":3,"117":3,"118":2,"119":0,"120":0,"121":0,"122":0,"123":2,"124":1,"125":1,"126":0,"127":0,"128":0,"129":0,"130":0,"131":0,"132":0,"133":0,"134":0,"135":0,"136":0,"137":0,"138":0,"139":0,"140":0,"141":0,"142":0,"143":0,"144":0,"145":0,"146":0,"147":0,"148":0,"149":0,"150":0,"151":6,"152":4,"153":1,"154":1,"155":3,"156":3,"157":3,"158":3,"159":1,"160":0,"161":40,"162":37,"163":37,"164":2,"165":2,"166":2,"167":2,"168":38,"169":38,"170":38,"171":36,"172":36,"173":9,"174":5,"175":5,"176":36,"177":36,"178":2,"179":2,"180":2,"181":2,"182":0,"183":0,"184":0,"185":14,"186":12,"187":2,"188":2,"189":2,"190":1,"191":1,"192":1,"193":1,"194":1,"195":0,"196":0,"197":0,"198":0,"199":0,"200":1,"201":38,"202":36,"203":2,"204":2,"205":2,"206":2,"207":4,"208":4,"209":4,"210":0,"211":4,"212":2,"213":2,"214":0},"f":{"0":45,"1":38,"2":38,"3":38,"4":1,"5":0,"6":41,"7":1,"8":0,"9":0,"10":0,"11":0,"12":0,"13":16,"14":8,"15":0,"16":6,"17":4,"18":1,"19":3,"20":0,"21":40,"22":2,"23":0,"24":0,"25":14,"26":38,"27":0},"b":{"0":[0,0],"1":[0,0],"2":[1,40],"3":[3,38],"4":[2,1],"5":[37,1],"6":[37,0],"7":[37,0],"8":[37,37],"9":[37,0],"10":[37,0],"11":[1,15],"12":[0,15],"13":[1,14],"14":[15,15],"15":[0,14],"16":[14,1],"17":[0,0],"18":[12,2],"19":[12,8,7,3,2],"20":[4,8],"21":[3,1],"22":[2,1],"23":[0,12],"24":[12,12],"25":[1,11],"26":[11,1,0],"27":[12,1],"28":[12,11],"29":[0,11],"30":[12,0],"31":[0,2],"32":[0,8],"33":[5,3],"34":[0,2],"35":[2,0],"36":[0,0],"37":[0,0],"38":[0,0],"39":[0,0],"40":[0,0],"41":[0,0],"42":[0,0],"43":[0,0],"44":[0,0],"45":[0,0],"46":[0,0],"47":[4,3],"48":[2,1],"49":[40],"50":[37,3],"51":[2,35],"52":[2,0],"53":[5,4],"54":[12,2],"55":[1,1],"56":[0,1],"57":[36,2],"58":[38,38],"59":[0,4],"60":[4,0]},"meta":{"lastBranch":61,"lastFunction":28,"lastStatement":215,"seen":{"s:35:31:35:Infinity":0,"s:44:9:44:Infinity":1,"s:47:22:47:Infinity":2,"s:48:50:48:Infinity":3,"s:49:64:49:Infinity":4,"s:50:21:50:Infinity":5,"s:51:34:51:Infinity":6,"s:53:29:53:Infinity":7,"f:59:2:59:14":0,"s:60:4:60:Infinity":8,"f:63:8:63:33":1,"s:64:4:66:Infinity":9,"f:64:29:64:30":2,"s:65:6:65:Infinity":10,"f:69:16:69:32":3,"s:70:20:70:Infinity":11,"s:71:4:71:Infinity":12,"s:73:33:73:Infinity":13,"s:75:24:81:Infinity":14,"f:75:64:75:65":4,"s:76:6:79:Infinity":15,"s:80:6:80:Infinity":16,"s:82:4:103:Infinity":17,"f:91:18:91:25":5,"s:92:23:92:Infinity":18,"b:92:49:92:59:92:59:92:61":0,"b:93:8:99:Infinity:undefined:undefined:undefined:undefined":1,"s:93:8:99:Infinity":19,"s:94:10:97:Infinity":20,"s:98:10:98:Infinity":21,"s:100:8:100:Infinity":22,"s:101:8:101:Infinity":23,"s:105:4:184:Infinity":24,"f:105:41:105:42":6,"s:106:49:106:Infinity":25,"b:108:6:116:Infinity:undefined:undefined:undefined:undefined":2,"s:108:6:116:Infinity":26,"s:110:10:110:Infinity":27,"s:111:8:111:Infinity":28,"s:112:8:114:Infinity":29,"s:115:8:115:Infinity":30,"f:115:19:115:25":7,"s:115:25:115:42":31,"b:118:6:183:Infinity:139:6:183:Infinity":3,"s:118:6:183:Infinity":32,"s:119:8:119:Infinity":33,"s:121:10:122:Infinity":34,"s:123:32:123:Infinity":35,"s:124:8:131:Infinity":36,"b:133:8:138:Infinity:135:15:138:Infinity":4,"s:133:8:138:Infinity":37,"s:134:10:134:Infinity":38,"s:136:10:136:Infinity":39,"s:137:10:137:Infinity":40,"b:139:6:183:Infinity:undefined:undefined:undefined:undefined":5,"s:139:6:183:Infinity":41,"s:140:8:140:Infinity":42,"s:141:8:141:Infinity":43,"s:144:8:146:Infinity":44,"f:144:56:144:57":8,"s:145:10:145:Infinity":45,"b:149:8:157:Infinity:undefined:undefined:undefined:undefined":6,"s:149:8:157:Infinity":46,"s:150:28:150:Infinity":47,"s:151:26:151:Infinity":48,"b:152:10:156:Infinity:undefined:undefined:undefined:undefined":7,"s:152:10:156:Infinity":49,"b:152:14:152:25:152:25:152:36":8,"s:153:12:153:Infinity":50,"s:154:12:154:Infinity":51,"s:155:12:155:Infinity":52,"s:160:8:162:Infinity":53,"f:160:40:160:41":9,"s:161:10:161:Infinity":54,"s:165:8:167:Infinity":55,"f:165:39:165:40":10,"s:166:10:166:Infinity":56,"b:169:8:176:Infinity:undefined:undefined:undefined:undefined":9,"s:169:8:176:Infinity":57,"s:170:10:170:Infinity":58,"s:171:10:175:Infinity":59,"f:171:22:171:28":11,"s:172:12:174:Infinity":60,"f:172:43:172:44":12,"s:173:14:173:Infinity":61,"b:179:8:182:Infinity:undefined:undefined:undefined:undefined":10,"s:179:8:182:Infinity":62,"s:180:10:180:Infinity":63,"s:181:10:181:Infinity":64,"s:186:4:186:Infinity":65,"s:188:4:310:Infinity":66,"f:188:39:188:46":13,"s:189:6:309:Infinity":67,"s:190:8:308:Infinity":68,"b:191:10:191:Infinity:undefined:undefined:undefined:undefined":11,"s:191:10:191:Infinity":69,"s:191:28:191:Infinity":70,"s:195:16:195:Infinity":71,"b:196:10:196:Infinity:undefined:undefined:undefined:undefined":12,"s:196:10:196:Infinity":72,"s:196:27:196:Infinity":73,"s:197:25:197:Infinity":74,"b:198:10:198:Infinity:undefined:undefined:undefined:undefined":13,"s:198:10:198:Infinity":75,"b:198:14:198:25:198:25:198:56":14,"s:198:56:198:Infinity":76,"s:203:24:203:Infinity":77,"b:204:10:213:Infinity:undefined:undefined:undefined:undefined":15,"s:204:10:213:Infinity":78,"b:204:14:204:43:204:43:204:69":16,"s:205:24:205:Infinity":79,"s:206:29:206:Infinity":80,"b:206:48:206:53:206:53:206:Infinity":17,"s:207:12:207:Infinity":81,"s:208:12:208:Infinity":82,"s:209:12:212:Infinity":83,"s:215:28:217:Infinity":84,"s:220:26:220:Infinity":85,"s:221:10:227:Infinity":86,"s:230:25:230:Infinity":87,"b:231:10:302:Infinity:292:10:302:Infinity":18,"s:231:10:302:Infinity":88,"s:233:14:237:Infinity":89,"b:233:14:233:Infinity:234:14:234:Infinity:235:14:235:Infinity:236:14:236:Infinity:237:14:237:Infinity":19,"b:240:12:256:Infinity:undefined:undefined:undefined:undefined":20,"s:240:12:256:Infinity":90,"s:241:14:255:Infinity":91,"s:242:31:242:Infinity":92,"s:243:33:243:Infinity":93,"s:244:32:244:Infinity":94,"b:244:32:244:69:244:69:244:Infinity":21,"s:245:31:249:Infinity":95,"b:250:16:252:Infinity:undefined:undefined:undefined:undefined":22,"s:250:16:252:Infinity":96,"s:251:18:251:Infinity":97,"s:254:16:254:Infinity":98,"b:260:12:265:Infinity:undefined:undefined:undefined:undefined":23,"s:260:12:265:Infinity":99,"b:260:16:260:35:260:35:260:76":24,"s:261:14:264:Infinity":100,"b:268:12:268:Infinity:undefined:undefined:undefined:undefined":25,"s:268:12:268:Infinity":101,"s:268:26:268:Infinity":102,"s:270:27:270:Infinity":103,"b:270:27:270:50:270:50:270:71:270:71:270:Infinity":26,"s:271:31:271:Infinity":104,"b:271:31:271:47:271:47:271:Infinity":27,"s:273:27:273:Infinity":105,"b:273:27:273:45:273:45:273:Infinity":28,"s:278:33:280:Infinity":106,"b:279:16:279:Infinity:280:16:280:Infinity":29,"s:282:12:291:Infinity":107,"b:283:18:283:32:283:32:283:Infinity":30,"b:292:10:302:Infinity:undefined:undefined:undefined:undefined":31,"s:292:10:302:Infinity":108,"s:294:12:301:Infinity":109,"s:304:10:307:Infinity":110,"f:313:8:313:20":14,"s:318:21:320:Infinity":111,"b:319:8:319:Infinity:320:8:320:Infinity":32,"b:322:4:329:Infinity:undefined:undefined:undefined:undefined":33,"s:322:4:329:Infinity":112,"s:323:6:323:Infinity":113,"s:324:6:327:Infinity":114,"s:328:6:328:Infinity":115,"s:330:4:348:Infinity":116,"s:331:19:331:Infinity":117,"b:333:6:339:Infinity:undefined:undefined:undefined:undefined":34,"s:333:6:339:Infinity":118,"b:333:10:333:27:333:27:333:41":35,"s:334:8:334:Infinity":119,"b:335:8:338:Infinity:undefined:undefined:undefined:undefined":36,"s:335:8:338:Infinity":120,"s:336:25:336:Infinity":121,"s:337:10:337:Infinity":122,"s:340:6:340:Infinity":123,"s:343:6:343:Infinity":124,"s:344:6:347:Infinity":125,"f:351:8:351:18":15,"b:352:4:355:Infinity:undefined:undefined:undefined:undefined":37,"s:352:4:355:Infinity":126,"s:353:6:353:Infinity":127,"s:354:6:354:Infinity":128,"s:357:4:398:Infinity":129,"b:361:6:374:Infinity:366:13:374:Infinity":38,"s:361:6:374:Infinity":130,"b:361:10:361:39:361:39:361:60":39,"s:363:25:363:Infinity":131,"b:363:53:363:68:363:68:363:Infinity":40,"s:364:8:364:Infinity":132,"s:365:8:365:Infinity":133,"s:368:25:368:Infinity":134,"b:369:8:371:Infinity:undefined:undefined:undefined:undefined":41,"s:369:8:371:Infinity":135,"s:370:10:370:Infinity":136,"s:372:8:372:Infinity":137,"s:373:8:373:Infinity":138,"s:377:34:379:Infinity":139,"b:380:6:384:Infinity:undefined:undefined:undefined:undefined":42,"s:380:6:384:Infinity":140,"s:381:8:383:Infinity":141,"b:382:12:382:Infinity:383:12:383:Infinity":43,"s:386:19:386:Infinity":142,"b:387:6:393:Infinity:undefined:undefined:undefined:undefined":44,"s:387:6:393:Infinity":143,"b:387:10:387:27:387:27:387:41":45,"s:388:8:388:Infinity":144,"b:389:8:392:Infinity:undefined:undefined:undefined:undefined":46,"s:389:8:392:Infinity":145,"s:390:25:390:Infinity":146,"s:391:10:391:Infinity":147,"s:394:6:394:Infinity":148,"s:396:6:396:Infinity":149,"s:397:6:397:Infinity":150,"f:401:2:401:25":16,"s:402:4:402:Infinity":151,"f:405:2:405:10":17,"s:406:4:406:Infinity":152,"b:406:11:406:36:406:36:406:Infinity":47,"f:409:8:409:36":18,"s:410:4:410:Infinity":153,"s:411:4:411:Infinity":154,"f:414:8:414:18":19,"s:415:4:421:Infinity":155,"s:416:21:416:Infinity":156,"b:416:32:416:46:416:46:416:Infinity":48,"s:417:6:417:Infinity":157,"s:418:6:418:Infinity":158,"s:420:6:420:Infinity":159,"f:424:8:424:19":20,"s:425:4:425:Infinity":160,"f:433:8:433:26":21,"b:433:34:433:56":49,"b:434:4:443:Infinity:undefined:undefined:undefined:undefined":50,"s:434:4:443:Infinity":161,"s:435:12:435:Infinity":162,"b:436:6:442:Infinity:undefined:undefined:undefined:undefined":51,"s:436:6:442:Infinity":163,"s:437:29:437:Infinity":164,"b:438:8:441:Infinity:undefined:undefined:undefined:undefined":52,"s:438:8:441:Infinity":165,"s:439:10:439:Infinity":166,"s:440:10:440:Infinity":167,"s:445:4:461:Infinity":168,"s:446:6:446:Infinity":169,"s:447:21:447:Infinity":170,"s:449:18:449:Infinity":171,"s:450:6:455:Infinity":172,"b:451:8:454:Infinity:undefined:undefined:undefined:undefined":53,"s:451:8:454:Infinity":173,"s:452:10:452:Infinity":174,"s:453:10:453:Infinity":175,"s:457:6:457:Infinity":176,"s:458:6:458:Infinity":177,"s:460:6:460:Infinity":178,"f:464:10:464:28":22,"s:465:20:465:Infinity":179,"s:466:4:466:Infinity":180,"s:467:4:472:Infinity":181,"f:467:15:467:21":23,"s:468:6:471:Infinity":182,"f:468:35:468:36":24,"s:469:8:469:Infinity":183,"s:470:8:470:Infinity":184,"f:475:16:475:29":25,"b:476:4:476:Infinity:undefined:undefined:undefined:undefined":54,"s:476:4:476:Infinity":185,"s:476:31:476:Infinity":186,"s:477:20:477:Infinity":187,"s:480:19:480:Infinity":188,"b:481:4:487:Infinity:undefined:undefined:undefined:undefined":55,"s:481:4:487:Infinity":189,"s:482:6:485:Infinity":190,"s:486:6:486:Infinity":191,"s:490:4:505:Infinity":192,"s:491:17:493:Infinity":193,"b:494:6:502:Infinity:undefined:undefined:undefined:undefined":56,"s:494:6:502:Infinity":194,"s:495:25:495:Infinity":195,"s:496:8:496:Infinity":196,"s:497:8:500:Infinity":197,"s:501:8:501:Infinity":198,"s:504:6:504:Infinity":199,"s:507:4:507:Infinity":200,"f:510:16:510:52":26,"b:511:4:511:Infinity:undefined:undefined:undefined:undefined":57,"s:511:4:511:Infinity":201,"b:511:8:511:25:511:25:511:58":58,"s:511:58:511:Infinity":202,"s:512:4:512:Infinity":203,"s:513:4:532:Infinity":204,"s:514:6:517:Infinity":205,"s:518:6:529:Infinity":206,"s:519:21:519:Infinity":207,"s:521:21:521:Infinity":208,"b:522:8:524:Infinity:undefined:undefined:undefined:undefined":59,"s:522:8:524:Infinity":209,"b:522:12:522:29:522:29:522:43":60,"s:523:10:523:Infinity":210,"s:525:8:528:Infinity":211,"s:531:6:531:Infinity":212,"s:536:0:536:Infinity":213,"f:536:28:536:29":27,"s:536:51:536:76":214}}}
}
